INFO - 2024-01-11 13:20:08 --> Session: Class initialized using 'CodeIgniter\Session\Handlers\FileHandler' driver.
INFO - 2024-01-11 13:20:08 --> Session: Class initialized using 'CodeIgniter\Session\Handlers\FileHandler' driver.
INFO - 2024-01-11 13:20:12 --> Session: Class initialized using 'CodeIgniter\Session\Handlers\FileHandler' driver.
INFO - 2024-01-11 13:20:21 --> Session: Class initialized using 'CodeIgniter\Session\Handlers\FileHandler' driver.
CRITICAL - 2024-01-11 13:20:22 --> Undefined array key 0
in APPPATH\Controllers\Anasayfa.php on line 107.
 1 APPPATH\Controllers\Anasayfa.php(107): CodeIgniter\Debug\Exceptions->errorHandler(2, 'Undefined array key 0', 'D:\\wamp64\\www\\iskandinav_mitolojisi\\app\\Controllers\\Anasayfa.php', 107)
 2 SYSTEMPATH\CodeIgniter.php(942): App\Controllers\Anasayfa->incele('<')
 3 SYSTEMPATH\CodeIgniter.php(502): CodeIgniter\CodeIgniter->runController(Object(App\Controllers\Anasayfa))
 4 SYSTEMPATH\CodeIgniter.php(361): CodeIgniter\CodeIgniter->handleRequest(null, Object(Config\Cache), false)
 5 FCPATH\index.php(79): CodeIgniter\CodeIgniter->run()
CRITICAL - 2024-01-11 13:20:22 --> Undefined array key 0
in APPPATH\Controllers\Anasayfa.php on line 107.
 1 APPPATH\Controllers\Anasayfa.php(107): CodeIgniter\Debug\Exceptions->errorHandler(2, 'Undefined array key 0', 'D:\\wamp64\\www\\iskandinav_mitolojisi\\app\\Controllers\\Anasayfa.php', 107)
 2 SYSTEMPATH\CodeIgniter.php(942): App\Controllers\Anasayfa->incele('<')
 3 SYSTEMPATH\CodeIgniter.php(502): CodeIgniter\CodeIgniter->runController(Object(App\Controllers\Anasayfa))
 4 SYSTEMPATH\CodeIgniter.php(361): CodeIgniter\CodeIgniter->handleRequest(null, Object(Config\Cache), false)
 5 FCPATH\index.php(79): CodeIgniter\CodeIgniter->run()
CRITICAL - 2024-01-11 13:20:22 --> Undefined array key 0
in APPPATH\Controllers\Anasayfa.php on line 107.
 1 APPPATH\Controllers\Anasayfa.php(107): CodeIgniter\Debug\Exceptions->errorHandler(2, 'Undefined array key 0', 'D:\\wamp64\\www\\iskandinav_mitolojisi\\app\\Controllers\\Anasayfa.php', 107)
 2 SYSTEMPATH\CodeIgniter.php(942): App\Controllers\Anasayfa->incele('<')
 3 SYSTEMPATH\CodeIgniter.php(502): CodeIgniter\CodeIgniter->runController(Object(App\Controllers\Anasayfa))
 4 SYSTEMPATH\CodeIgniter.php(361): CodeIgniter\CodeIgniter->handleRequest(null, Object(Config\Cache), false)
 5 FCPATH\index.php(79): CodeIgniter\CodeIgniter->run()
CRITICAL - 2024-01-11 13:20:22 --> Undefined array key 0
in APPPATH\Controllers\Anasayfa.php on line 107.
 1 APPPATH\Controllers\Anasayfa.php(107): CodeIgniter\Debug\Exceptions->errorHandler(2, 'Undefined array key 0', 'D:\\wamp64\\www\\iskandinav_mitolojisi\\app\\Controllers\\Anasayfa.php', 107)
 2 SYSTEMPATH\CodeIgniter.php(942): App\Controllers\Anasayfa->incele('<')
 3 SYSTEMPATH\CodeIgniter.php(502): CodeIgniter\CodeIgniter->runController(Object(App\Controllers\Anasayfa))
 4 SYSTEMPATH\CodeIgniter.php(361): CodeIgniter\CodeIgniter->handleRequest(null, Object(Config\Cache), false)
 5 FCPATH\index.php(79): CodeIgniter\CodeIgniter->run()
CRITICAL - 2024-01-11 13:20:22 --> Undefined array key 0
in APPPATH\Controllers\Anasayfa.php on line 107.
 1 APPPATH\Controllers\Anasayfa.php(107): CodeIgniter\Debug\Exceptions->errorHandler(2, 'Undefined array key 0', 'D:\\wamp64\\www\\iskandinav_mitolojisi\\app\\Controllers\\Anasayfa.php', 107)
 2 SYSTEMPATH\CodeIgniter.php(942): App\Controllers\Anasayfa->incele('<')
 3 SYSTEMPATH\CodeIgniter.php(502): CodeIgniter\CodeIgniter->runController(Object(App\Controllers\Anasayfa))
 4 SYSTEMPATH\CodeIgniter.php(361): CodeIgniter\CodeIgniter->handleRequest(null, Object(Config\Cache), false)
 5 FCPATH\index.php(79): CodeIgniter\CodeIgniter->run()
CRITICAL - 2024-01-11 13:20:22 --> Undefined array key 0
in APPPATH\Controllers\Anasayfa.php on line 107.
 1 APPPATH\Controllers\Anasayfa.php(107): CodeIgniter\Debug\Exceptions->errorHandler(2, 'Undefined array key 0', 'D:\\wamp64\\www\\iskandinav_mitolojisi\\app\\Controllers\\Anasayfa.php', 107)
 2 SYSTEMPATH\CodeIgniter.php(942): App\Controllers\Anasayfa->incele('<')
 3 SYSTEMPATH\CodeIgniter.php(502): CodeIgniter\CodeIgniter->runController(Object(App\Controllers\Anasayfa))
 4 SYSTEMPATH\CodeIgniter.php(361): CodeIgniter\CodeIgniter->handleRequest(null, Object(Config\Cache), false)
 5 FCPATH\index.php(79): CodeIgniter\CodeIgniter->run()
CRITICAL - 2024-01-11 13:20:22 --> Undefined array key 0
in APPPATH\Controllers\Anasayfa.php on line 107.
 1 APPPATH\Controllers\Anasayfa.php(107): CodeIgniter\Debug\Exceptions->errorHandler(2, 'Undefined array key 0', 'D:\\wamp64\\www\\iskandinav_mitolojisi\\app\\Controllers\\Anasayfa.php', 107)
 2 SYSTEMPATH\CodeIgniter.php(942): App\Controllers\Anasayfa->incele('<')
 3 SYSTEMPATH\CodeIgniter.php(502): CodeIgniter\CodeIgniter->runController(Object(App\Controllers\Anasayfa))
 4 SYSTEMPATH\CodeIgniter.php(361): CodeIgniter\CodeIgniter->handleRequest(null, Object(Config\Cache), false)
 5 FCPATH\index.php(79): CodeIgniter\CodeIgniter->run()
CRITICAL - 2024-01-11 13:20:22 --> Undefined array key 0
in APPPATH\Controllers\Anasayfa.php on line 107.
 1 APPPATH\Controllers\Anasayfa.php(107): CodeIgniter\Debug\Exceptions->errorHandler(2, 'Undefined array key 0', 'D:\\wamp64\\www\\iskandinav_mitolojisi\\app\\Controllers\\Anasayfa.php', 107)
 2 SYSTEMPATH\CodeIgniter.php(942): App\Controllers\Anasayfa->incele('<')
 3 SYSTEMPATH\CodeIgniter.php(502): CodeIgniter\CodeIgniter->runController(Object(App\Controllers\Anasayfa))
 4 SYSTEMPATH\CodeIgniter.php(361): CodeIgniter\CodeIgniter->handleRequest(null, Object(Config\Cache), false)
 5 FCPATH\index.php(79): CodeIgniter\CodeIgniter->run()
INFO - 2024-01-11 13:20:27 --> Session: Class initialized using 'CodeIgniter\Session\Handlers\FileHandler' driver.
INFO - 2024-01-11 13:20:30 --> Session: Class initialized using 'CodeIgniter\Session\Handlers\FileHandler' driver.
INFO - 2024-01-11 13:20:30 --> Session: Class initialized using 'CodeIgniter\Session\Handlers\FileHandler' driver.
INFO - 2024-01-11 13:20:38 --> CSRF token verified.
INFO - 2024-01-11 13:20:38 --> Session: Class initialized using 'CodeIgniter\Session\Handlers\FileHandler' driver.
INFO - 2024-01-11 13:20:38 --> Session: Class initialized using 'CodeIgniter\Session\Handlers\FileHandler' driver.
INFO - 2024-01-11 13:20:40 --> Session: Class initialized using 'CodeIgniter\Session\Handlers\FileHandler' driver.
INFO - 2024-01-11 13:20:42 --> Session: Class initialized using 'CodeIgniter\Session\Handlers\FileHandler' driver.
INFO - 2024-01-11 13:20:45 --> Session: Class initialized using 'CodeIgniter\Session\Handlers\FileHandler' driver.
INFO - 2024-01-11 13:20:47 --> Session: Class initialized using 'CodeIgniter\Session\Handlers\FileHandler' driver.
INFO - 2024-01-11 13:20:47 --> Session: Class initialized using 'CodeIgniter\Session\Handlers\FileHandler' driver.
INFO - 2024-01-11 13:20:50 --> Session: Class initialized using 'CodeIgniter\Session\Handlers\FileHandler' driver.
INFO - 2024-01-11 13:25:14 --> Session: Class initialized using 'CodeIgniter\Session\Handlers\FileHandler' driver.
INFO - 2024-01-11 13:25:31 --> Session: Class initialized using 'CodeIgniter\Session\Handlers\FileHandler' driver.
INFO - 2024-01-11 13:25:45 --> Session: Class initialized using 'CodeIgniter\Session\Handlers\FileHandler' driver.
INFO - 2024-01-11 13:26:01 --> Session: Class initialized using 'CodeIgniter\Session\Handlers\FileHandler' driver.
INFO - 2024-01-11 13:26:01 --> Session: Class initialized using 'CodeIgniter\Session\Handlers\FileHandler' driver.
INFO - 2024-01-11 13:26:06 --> CSRF token verified.
INFO - 2024-01-11 13:26:06 --> Session: Class initialized using 'CodeIgniter\Session\Handlers\FileHandler' driver.
INFO - 2024-01-11 13:26:06 --> Session: Class initialized using 'CodeIgniter\Session\Handlers\FileHandler' driver.
INFO - 2024-01-11 13:30:04 --> Session: Class initialized using 'CodeIgniter\Session\Handlers\FileHandler' driver.
INFO - 2024-01-11 13:30:06 --> Session: Class initialized using 'CodeIgniter\Session\Handlers\FileHandler' driver.
INFO - 2024-01-11 13:31:54 --> Session: Class initialized using 'CodeIgniter\Session\Handlers\FileHandler' driver.
INFO - 2024-01-11 13:32:59 --> Session: Class initialized using 'CodeIgniter\Session\Handlers\FileHandler' driver.
INFO - 2024-01-11 13:33:39 --> Session: Class initialized using 'CodeIgniter\Session\Handlers\FileHandler' driver.
INFO - 2024-01-11 13:33:48 --> Session: Class initialized using 'CodeIgniter\Session\Handlers\FileHandler' driver.
INFO - 2024-01-11 13:33:48 --> Session: Class initialized using 'CodeIgniter\Session\Handlers\FileHandler' driver.
INFO - 2024-01-11 13:36:17 --> Session: Class initialized using 'CodeIgniter\Session\Handlers\FileHandler' driver.
INFO - 2024-01-11 13:36:45 --> Session: Class initialized using 'CodeIgniter\Session\Handlers\FileHandler' driver.
INFO - 2024-01-11 13:37:00 --> Session: Class initialized using 'CodeIgniter\Session\Handlers\FileHandler' driver.
INFO - 2024-01-11 13:39:58 --> Session: Class initialized using 'CodeIgniter\Session\Handlers\FileHandler' driver.
INFO - 2024-01-11 13:40:15 --> Session: Class initialized using 'CodeIgniter\Session\Handlers\FileHandler' driver.
INFO - 2024-01-11 13:42:55 --> Session: Class initialized using 'CodeIgniter\Session\Handlers\FileHandler' driver.
INFO - 2024-01-11 13:42:56 --> Session: Class initialized using 'CodeIgniter\Session\Handlers\FileHandler' driver.
INFO - 2024-01-11 13:42:59 --> Session: Class initialized using 'CodeIgniter\Session\Handlers\FileHandler' driver.
INFO - 2024-01-11 13:43:05 --> Session: Class initialized using 'CodeIgniter\Session\Handlers\FileHandler' driver.
CRITICAL - 2024-01-11 13:43:05 --> Undefined array key 0
in APPPATH\Controllers\Anasayfa.php on line 107.
 1 APPPATH\Controllers\Anasayfa.php(107): CodeIgniter\Debug\Exceptions->errorHandler(2, 'Undefined array key 0', 'D:\\wamp64\\www\\iskandinav_mitolojisi\\app\\Controllers\\Anasayfa.php', 107)
 2 SYSTEMPATH\CodeIgniter.php(942): App\Controllers\Anasayfa->incele('<')
 3 SYSTEMPATH\CodeIgniter.php(502): CodeIgniter\CodeIgniter->runController(Object(App\Controllers\Anasayfa))
 4 SYSTEMPATH\CodeIgniter.php(361): CodeIgniter\CodeIgniter->handleRequest(null, Object(Config\Cache), false)
 5 FCPATH\index.php(79): CodeIgniter\CodeIgniter->run()
CRITICAL - 2024-01-11 13:43:05 --> Undefined array key 0
in APPPATH\Controllers\Anasayfa.php on line 107.
 1 APPPATH\Controllers\Anasayfa.php(107): CodeIgniter\Debug\Exceptions->errorHandler(2, 'Undefined array key 0', 'D:\\wamp64\\www\\iskandinav_mitolojisi\\app\\Controllers\\Anasayfa.php', 107)
 2 SYSTEMPATH\CodeIgniter.php(942): App\Controllers\Anasayfa->incele('<')
 3 SYSTEMPATH\CodeIgniter.php(502): CodeIgniter\CodeIgniter->runController(Object(App\Controllers\Anasayfa))
 4 SYSTEMPATH\CodeIgniter.php(361): CodeIgniter\CodeIgniter->handleRequest(null, Object(Config\Cache), false)
 5 FCPATH\index.php(79): CodeIgniter\CodeIgniter->run()
CRITICAL - 2024-01-11 13:43:05 --> Undefined array key 0
in APPPATH\Controllers\Anasayfa.php on line 107.
 1 APPPATH\Controllers\Anasayfa.php(107): CodeIgniter\Debug\Exceptions->errorHandler(2, 'Undefined array key 0', 'D:\\wamp64\\www\\iskandinav_mitolojisi\\app\\Controllers\\Anasayfa.php', 107)
 2 SYSTEMPATH\CodeIgniter.php(942): App\Controllers\Anasayfa->incele('<')
 3 SYSTEMPATH\CodeIgniter.php(502): CodeIgniter\CodeIgniter->runController(Object(App\Controllers\Anasayfa))
 4 SYSTEMPATH\CodeIgniter.php(361): CodeIgniter\CodeIgniter->handleRequest(null, Object(Config\Cache), false)
 5 FCPATH\index.php(79): CodeIgniter\CodeIgniter->run()
CRITICAL - 2024-01-11 13:43:05 --> Undefined array key 0
in APPPATH\Controllers\Anasayfa.php on line 107.
 1 APPPATH\Controllers\Anasayfa.php(107): CodeIgniter\Debug\Exceptions->errorHandler(2, 'Undefined array key 0', 'D:\\wamp64\\www\\iskandinav_mitolojisi\\app\\Controllers\\Anasayfa.php', 107)
 2 SYSTEMPATH\CodeIgniter.php(942): App\Controllers\Anasayfa->incele('<')
 3 SYSTEMPATH\CodeIgniter.php(502): CodeIgniter\CodeIgniter->runController(Object(App\Controllers\Anasayfa))
 4 SYSTEMPATH\CodeIgniter.php(361): CodeIgniter\CodeIgniter->handleRequest(null, Object(Config\Cache), false)
 5 FCPATH\index.php(79): CodeIgniter\CodeIgniter->run()
CRITICAL - 2024-01-11 13:43:05 --> Undefined array key 0
in APPPATH\Controllers\Anasayfa.php on line 107.
 1 APPPATH\Controllers\Anasayfa.php(107): CodeIgniter\Debug\Exceptions->errorHandler(2, 'Undefined array key 0', 'D:\\wamp64\\www\\iskandinav_mitolojisi\\app\\Controllers\\Anasayfa.php', 107)
 2 SYSTEMPATH\CodeIgniter.php(942): App\Controllers\Anasayfa->incele('<')
 3 SYSTEMPATH\CodeIgniter.php(502): CodeIgniter\CodeIgniter->runController(Object(App\Controllers\Anasayfa))
 4 SYSTEMPATH\CodeIgniter.php(361): CodeIgniter\CodeIgniter->handleRequest(null, Object(Config\Cache), false)
 5 FCPATH\index.php(79): CodeIgniter\CodeIgniter->run()
CRITICAL - 2024-01-11 13:43:05 --> Undefined array key 0
in APPPATH\Controllers\Anasayfa.php on line 107.
 1 APPPATH\Controllers\Anasayfa.php(107): CodeIgniter\Debug\Exceptions->errorHandler(2, 'Undefined array key 0', 'D:\\wamp64\\www\\iskandinav_mitolojisi\\app\\Controllers\\Anasayfa.php', 107)
 2 SYSTEMPATH\CodeIgniter.php(942): App\Controllers\Anasayfa->incele('<')
 3 SYSTEMPATH\CodeIgniter.php(502): CodeIgniter\CodeIgniter->runController(Object(App\Controllers\Anasayfa))
 4 SYSTEMPATH\CodeIgniter.php(361): CodeIgniter\CodeIgniter->handleRequest(null, Object(Config\Cache), false)
 5 FCPATH\index.php(79): CodeIgniter\CodeIgniter->run()
CRITICAL - 2024-01-11 13:43:05 --> Undefined array key 0
in APPPATH\Controllers\Anasayfa.php on line 107.
 1 APPPATH\Controllers\Anasayfa.php(107): CodeIgniter\Debug\Exceptions->errorHandler(2, 'Undefined array key 0', 'D:\\wamp64\\www\\iskandinav_mitolojisi\\app\\Controllers\\Anasayfa.php', 107)
 2 SYSTEMPATH\CodeIgniter.php(942): App\Controllers\Anasayfa->incele('<')
 3 SYSTEMPATH\CodeIgniter.php(502): CodeIgniter\CodeIgniter->runController(Object(App\Controllers\Anasayfa))
 4 SYSTEMPATH\CodeIgniter.php(361): CodeIgniter\CodeIgniter->handleRequest(null, Object(Config\Cache), false)
 5 FCPATH\index.php(79): CodeIgniter\CodeIgniter->run()
CRITICAL - 2024-01-11 13:43:05 --> Undefined array key 0
in APPPATH\Controllers\Anasayfa.php on line 107.
 1 APPPATH\Controllers\Anasayfa.php(107): CodeIgniter\Debug\Exceptions->errorHandler(2, 'Undefined array key 0', 'D:\\wamp64\\www\\iskandinav_mitolojisi\\app\\Controllers\\Anasayfa.php', 107)
 2 SYSTEMPATH\CodeIgniter.php(942): App\Controllers\Anasayfa->incele('<')
 3 SYSTEMPATH\CodeIgniter.php(502): CodeIgniter\CodeIgniter->runController(Object(App\Controllers\Anasayfa))
 4 SYSTEMPATH\CodeIgniter.php(361): CodeIgniter\CodeIgniter->handleRequest(null, Object(Config\Cache), false)
 5 FCPATH\index.php(79): CodeIgniter\CodeIgniter->run()
INFO - 2024-01-11 13:43:10 --> Session: Class initialized using 'CodeIgniter\Session\Handlers\FileHandler' driver.
INFO - 2024-01-11 13:43:14 --> Session: Class initialized using 'CodeIgniter\Session\Handlers\FileHandler' driver.
INFO - 2024-01-11 13:43:16 --> Session: Class initialized using 'CodeIgniter\Session\Handlers\FileHandler' driver.
INFO - 2024-01-11 13:43:20 --> Session: Class initialized using 'CodeIgniter\Session\Handlers\FileHandler' driver.
CRITICAL - 2024-01-11 13:43:20 --> Undefined array key 0
in APPPATH\Controllers\Anasayfa.php on line 107.
 1 APPPATH\Controllers\Anasayfa.php(107): CodeIgniter\Debug\Exceptions->errorHandler(2, 'Undefined array key 0', 'D:\\wamp64\\www\\iskandinav_mitolojisi\\app\\Controllers\\Anasayfa.php', 107)
 2 SYSTEMPATH\CodeIgniter.php(942): App\Controllers\Anasayfa->incele('<')
 3 SYSTEMPATH\CodeIgniter.php(502): CodeIgniter\CodeIgniter->runController(Object(App\Controllers\Anasayfa))
 4 SYSTEMPATH\CodeIgniter.php(361): CodeIgniter\CodeIgniter->handleRequest(null, Object(Config\Cache), false)
 5 FCPATH\index.php(79): CodeIgniter\CodeIgniter->run()
CRITICAL - 2024-01-11 13:43:20 --> Undefined array key 0
in APPPATH\Controllers\Anasayfa.php on line 107.
 1 APPPATH\Controllers\Anasayfa.php(107): CodeIgniter\Debug\Exceptions->errorHandler(2, 'Undefined array key 0', 'D:\\wamp64\\www\\iskandinav_mitolojisi\\app\\Controllers\\Anasayfa.php', 107)
 2 SYSTEMPATH\CodeIgniter.php(942): App\Controllers\Anasayfa->incele('<')
 3 SYSTEMPATH\CodeIgniter.php(502): CodeIgniter\CodeIgniter->runController(Object(App\Controllers\Anasayfa))
 4 SYSTEMPATH\CodeIgniter.php(361): CodeIgniter\CodeIgniter->handleRequest(null, Object(Config\Cache), false)
 5 FCPATH\index.php(79): CodeIgniter\CodeIgniter->run()
CRITICAL - 2024-01-11 13:43:20 --> Undefined array key 0
in APPPATH\Controllers\Anasayfa.php on line 107.
 1 APPPATH\Controllers\Anasayfa.php(107): CodeIgniter\Debug\Exceptions->errorHandler(2, 'Undefined array key 0', 'D:\\wamp64\\www\\iskandinav_mitolojisi\\app\\Controllers\\Anasayfa.php', 107)
 2 SYSTEMPATH\CodeIgniter.php(942): App\Controllers\Anasayfa->incele('<')
 3 SYSTEMPATH\CodeIgniter.php(502): CodeIgniter\CodeIgniter->runController(Object(App\Controllers\Anasayfa))
 4 SYSTEMPATH\CodeIgniter.php(361): CodeIgniter\CodeIgniter->handleRequest(null, Object(Config\Cache), false)
 5 FCPATH\index.php(79): CodeIgniter\CodeIgniter->run()
CRITICAL - 2024-01-11 13:43:20 --> Undefined array key 0
in APPPATH\Controllers\Anasayfa.php on line 107.
 1 APPPATH\Controllers\Anasayfa.php(107): CodeIgniter\Debug\Exceptions->errorHandler(2, 'Undefined array key 0', 'D:\\wamp64\\www\\iskandinav_mitolojisi\\app\\Controllers\\Anasayfa.php', 107)
 2 SYSTEMPATH\CodeIgniter.php(942): App\Controllers\Anasayfa->incele('<')
 3 SYSTEMPATH\CodeIgniter.php(502): CodeIgniter\CodeIgniter->runController(Object(App\Controllers\Anasayfa))
 4 SYSTEMPATH\CodeIgniter.php(361): CodeIgniter\CodeIgniter->handleRequest(null, Object(Config\Cache), false)
 5 FCPATH\index.php(79): CodeIgniter\CodeIgniter->run()
CRITICAL - 2024-01-11 13:43:20 --> Undefined array key 0
in APPPATH\Controllers\Anasayfa.php on line 107.
 1 APPPATH\Controllers\Anasayfa.php(107): CodeIgniter\Debug\Exceptions->errorHandler(2, 'Undefined array key 0', 'D:\\wamp64\\www\\iskandinav_mitolojisi\\app\\Controllers\\Anasayfa.php', 107)
 2 SYSTEMPATH\CodeIgniter.php(942): App\Controllers\Anasayfa->incele('<')
 3 SYSTEMPATH\CodeIgniter.php(502): CodeIgniter\CodeIgniter->runController(Object(App\Controllers\Anasayfa))
 4 SYSTEMPATH\CodeIgniter.php(361): CodeIgniter\CodeIgniter->handleRequest(null, Object(Config\Cache), false)
 5 FCPATH\index.php(79): CodeIgniter\CodeIgniter->run()
CRITICAL - 2024-01-11 13:43:20 --> Undefined array key 0
in APPPATH\Controllers\Anasayfa.php on line 107.
 1 APPPATH\Controllers\Anasayfa.php(107): CodeIgniter\Debug\Exceptions->errorHandler(2, 'Undefined array key 0', 'D:\\wamp64\\www\\iskandinav_mitolojisi\\app\\Controllers\\Anasayfa.php', 107)
 2 SYSTEMPATH\CodeIgniter.php(942): App\Controllers\Anasayfa->incele('<')
 3 SYSTEMPATH\CodeIgniter.php(502): CodeIgniter\CodeIgniter->runController(Object(App\Controllers\Anasayfa))
 4 SYSTEMPATH\CodeIgniter.php(361): CodeIgniter\CodeIgniter->handleRequest(null, Object(Config\Cache), false)
 5 FCPATH\index.php(79): CodeIgniter\CodeIgniter->run()
CRITICAL - 2024-01-11 13:43:20 --> Undefined array key 0
in APPPATH\Controllers\Anasayfa.php on line 107.
 1 APPPATH\Controllers\Anasayfa.php(107): CodeIgniter\Debug\Exceptions->errorHandler(2, 'Undefined array key 0', 'D:\\wamp64\\www\\iskandinav_mitolojisi\\app\\Controllers\\Anasayfa.php', 107)
 2 SYSTEMPATH\CodeIgniter.php(942): App\Controllers\Anasayfa->incele('<')
 3 SYSTEMPATH\CodeIgniter.php(502): CodeIgniter\CodeIgniter->runController(Object(App\Controllers\Anasayfa))
 4 SYSTEMPATH\CodeIgniter.php(361): CodeIgniter\CodeIgniter->handleRequest(null, Object(Config\Cache), false)
 5 FCPATH\index.php(79): CodeIgniter\CodeIgniter->run()
CRITICAL - 2024-01-11 13:43:20 --> Undefined array key 0
in APPPATH\Controllers\Anasayfa.php on line 107.
 1 APPPATH\Controllers\Anasayfa.php(107): CodeIgniter\Debug\Exceptions->errorHandler(2, 'Undefined array key 0', 'D:\\wamp64\\www\\iskandinav_mitolojisi\\app\\Controllers\\Anasayfa.php', 107)
 2 SYSTEMPATH\CodeIgniter.php(942): App\Controllers\Anasayfa->incele('<')
 3 SYSTEMPATH\CodeIgniter.php(502): CodeIgniter\CodeIgniter->runController(Object(App\Controllers\Anasayfa))
 4 SYSTEMPATH\CodeIgniter.php(361): CodeIgniter\CodeIgniter->handleRequest(null, Object(Config\Cache), false)
 5 FCPATH\index.php(79): CodeIgniter\CodeIgniter->run()
INFO - 2024-01-11 13:44:26 --> Session: Class initialized using 'CodeIgniter\Session\Handlers\FileHandler' driver.
CRITICAL - 2024-01-11 13:44:26 --> Undefined array key 0
in APPPATH\Controllers\Anasayfa.php on line 107.
 1 APPPATH\Controllers\Anasayfa.php(107): CodeIgniter\Debug\Exceptions->errorHandler(2, 'Undefined array key 0', 'D:\\wamp64\\www\\iskandinav_mitolojisi\\app\\Controllers\\Anasayfa.php', 107)
 2 SYSTEMPATH\CodeIgniter.php(942): App\Controllers\Anasayfa->incele('<')
 3 SYSTEMPATH\CodeIgniter.php(502): CodeIgniter\CodeIgniter->runController(Object(App\Controllers\Anasayfa))
 4 SYSTEMPATH\CodeIgniter.php(361): CodeIgniter\CodeIgniter->handleRequest(null, Object(Config\Cache), false)
 5 FCPATH\index.php(79): CodeIgniter\CodeIgniter->run()
CRITICAL - 2024-01-11 13:44:26 --> Undefined array key 0
in APPPATH\Controllers\Anasayfa.php on line 107.
 1 APPPATH\Controllers\Anasayfa.php(107): CodeIgniter\Debug\Exceptions->errorHandler(2, 'Undefined array key 0', 'D:\\wamp64\\www\\iskandinav_mitolojisi\\app\\Controllers\\Anasayfa.php', 107)
 2 SYSTEMPATH\CodeIgniter.php(942): App\Controllers\Anasayfa->incele('<')
 3 SYSTEMPATH\CodeIgniter.php(502): CodeIgniter\CodeIgniter->runController(Object(App\Controllers\Anasayfa))
 4 SYSTEMPATH\CodeIgniter.php(361): CodeIgniter\CodeIgniter->handleRequest(null, Object(Config\Cache), false)
 5 FCPATH\index.php(79): CodeIgniter\CodeIgniter->run()
CRITICAL - 2024-01-11 13:44:26 --> Undefined array key 0
in APPPATH\Controllers\Anasayfa.php on line 107.
 1 APPPATH\Controllers\Anasayfa.php(107): CodeIgniter\Debug\Exceptions->errorHandler(2, 'Undefined array key 0', 'D:\\wamp64\\www\\iskandinav_mitolojisi\\app\\Controllers\\Anasayfa.php', 107)
 2 SYSTEMPATH\CodeIgniter.php(942): App\Controllers\Anasayfa->incele('<')
 3 SYSTEMPATH\CodeIgniter.php(502): CodeIgniter\CodeIgniter->runController(Object(App\Controllers\Anasayfa))
 4 SYSTEMPATH\CodeIgniter.php(361): CodeIgniter\CodeIgniter->handleRequest(null, Object(Config\Cache), false)
 5 FCPATH\index.php(79): CodeIgniter\CodeIgniter->run()
CRITICAL - 2024-01-11 13:44:26 --> Undefined array key 0
in APPPATH\Controllers\Anasayfa.php on line 107.
 1 APPPATH\Controllers\Anasayfa.php(107): CodeIgniter\Debug\Exceptions->errorHandler(2, 'Undefined array key 0', 'D:\\wamp64\\www\\iskandinav_mitolojisi\\app\\Controllers\\Anasayfa.php', 107)
 2 SYSTEMPATH\CodeIgniter.php(942): App\Controllers\Anasayfa->incele('<')
 3 SYSTEMPATH\CodeIgniter.php(502): CodeIgniter\CodeIgniter->runController(Object(App\Controllers\Anasayfa))
 4 SYSTEMPATH\CodeIgniter.php(361): CodeIgniter\CodeIgniter->handleRequest(null, Object(Config\Cache), false)
 5 FCPATH\index.php(79): CodeIgniter\CodeIgniter->run()
CRITICAL - 2024-01-11 13:44:26 --> Undefined array key 0
in APPPATH\Controllers\Anasayfa.php on line 107.
 1 APPPATH\Controllers\Anasayfa.php(107): CodeIgniter\Debug\Exceptions->errorHandler(2, 'Undefined array key 0', 'D:\\wamp64\\www\\iskandinav_mitolojisi\\app\\Controllers\\Anasayfa.php', 107)
 2 SYSTEMPATH\CodeIgniter.php(942): App\Controllers\Anasayfa->incele('<')
 3 SYSTEMPATH\CodeIgniter.php(502): CodeIgniter\CodeIgniter->runController(Object(App\Controllers\Anasayfa))
 4 SYSTEMPATH\CodeIgniter.php(361): CodeIgniter\CodeIgniter->handleRequest(null, Object(Config\Cache), false)
 5 FCPATH\index.php(79): CodeIgniter\CodeIgniter->run()
CRITICAL - 2024-01-11 13:44:26 --> Undefined array key 0
in APPPATH\Controllers\Anasayfa.php on line 107.
 1 APPPATH\Controllers\Anasayfa.php(107): CodeIgniter\Debug\Exceptions->errorHandler(2, 'Undefined array key 0', 'D:\\wamp64\\www\\iskandinav_mitolojisi\\app\\Controllers\\Anasayfa.php', 107)
 2 SYSTEMPATH\CodeIgniter.php(942): App\Controllers\Anasayfa->incele('<')
 3 SYSTEMPATH\CodeIgniter.php(502): CodeIgniter\CodeIgniter->runController(Object(App\Controllers\Anasayfa))
 4 SYSTEMPATH\CodeIgniter.php(361): CodeIgniter\CodeIgniter->handleRequest(null, Object(Config\Cache), false)
 5 FCPATH\index.php(79): CodeIgniter\CodeIgniter->run()
CRITICAL - 2024-01-11 13:44:26 --> Undefined array key 0
in APPPATH\Controllers\Anasayfa.php on line 107.
 1 APPPATH\Controllers\Anasayfa.php(107): CodeIgniter\Debug\Exceptions->errorHandler(2, 'Undefined array key 0', 'D:\\wamp64\\www\\iskandinav_mitolojisi\\app\\Controllers\\Anasayfa.php', 107)
 2 SYSTEMPATH\CodeIgniter.php(942): App\Controllers\Anasayfa->incele('<')
 3 SYSTEMPATH\CodeIgniter.php(502): CodeIgniter\CodeIgniter->runController(Object(App\Controllers\Anasayfa))
 4 SYSTEMPATH\CodeIgniter.php(361): CodeIgniter\CodeIgniter->handleRequest(null, Object(Config\Cache), false)
 5 FCPATH\index.php(79): CodeIgniter\CodeIgniter->run()
CRITICAL - 2024-01-11 13:44:26 --> Undefined array key 0
in APPPATH\Controllers\Anasayfa.php on line 107.
 1 APPPATH\Controllers\Anasayfa.php(107): CodeIgniter\Debug\Exceptions->errorHandler(2, 'Undefined array key 0', 'D:\\wamp64\\www\\iskandinav_mitolojisi\\app\\Controllers\\Anasayfa.php', 107)
 2 SYSTEMPATH\CodeIgniter.php(942): App\Controllers\Anasayfa->incele('<')
 3 SYSTEMPATH\CodeIgniter.php(502): CodeIgniter\CodeIgniter->runController(Object(App\Controllers\Anasayfa))
 4 SYSTEMPATH\CodeIgniter.php(361): CodeIgniter\CodeIgniter->handleRequest(null, Object(Config\Cache), false)
 5 FCPATH\index.php(79): CodeIgniter\CodeIgniter->run()
CRITICAL - 2024-01-11 13:44:35 --> Undefined array key 0
in APPPATH\Controllers\Anasayfa.php on line 107.
 1 APPPATH\Controllers\Anasayfa.php(107): CodeIgniter\Debug\Exceptions->errorHandler(2, 'Undefined array key 0', 'D:\\wamp64\\www\\iskandinav_mitolojisi\\app\\Controllers\\Anasayfa.php', 107)
 2 SYSTEMPATH\CodeIgniter.php(942): App\Controllers\Anasayfa->incele('<')
 3 SYSTEMPATH\CodeIgniter.php(502): CodeIgniter\CodeIgniter->runController(Object(App\Controllers\Anasayfa))
 4 SYSTEMPATH\CodeIgniter.php(361): CodeIgniter\CodeIgniter->handleRequest(null, Object(Config\Cache), false)
 5 FCPATH\index.php(79): CodeIgniter\CodeIgniter->run()
CRITICAL - 2024-01-11 13:44:35 --> Undefined array key 0
in APPPATH\Controllers\Anasayfa.php on line 107.
 1 APPPATH\Controllers\Anasayfa.php(107): CodeIgniter\Debug\Exceptions->errorHandler(2, 'Undefined array key 0', 'D:\\wamp64\\www\\iskandinav_mitolojisi\\app\\Controllers\\Anasayfa.php', 107)
 2 SYSTEMPATH\CodeIgniter.php(942): App\Controllers\Anasayfa->incele('<')
 3 SYSTEMPATH\CodeIgniter.php(502): CodeIgniter\CodeIgniter->runController(Object(App\Controllers\Anasayfa))
 4 SYSTEMPATH\CodeIgniter.php(361): CodeIgniter\CodeIgniter->handleRequest(null, Object(Config\Cache), false)
 5 FCPATH\index.php(79): CodeIgniter\CodeIgniter->run()
CRITICAL - 2024-01-11 13:44:35 --> Undefined array key 0
in APPPATH\Controllers\Anasayfa.php on line 107.
 1 APPPATH\Controllers\Anasayfa.php(107): CodeIgniter\Debug\Exceptions->errorHandler(2, 'Undefined array key 0', 'D:\\wamp64\\www\\iskandinav_mitolojisi\\app\\Controllers\\Anasayfa.php', 107)
 2 SYSTEMPATH\CodeIgniter.php(942): App\Controllers\Anasayfa->incele('<')
 3 SYSTEMPATH\CodeIgniter.php(502): CodeIgniter\CodeIgniter->runController(Object(App\Controllers\Anasayfa))
 4 SYSTEMPATH\CodeIgniter.php(361): CodeIgniter\CodeIgniter->handleRequest(null, Object(Config\Cache), false)
 5 FCPATH\index.php(79): CodeIgniter\CodeIgniter->run()
CRITICAL - 2024-01-11 13:44:35 --> Undefined array key 0
in APPPATH\Controllers\Anasayfa.php on line 107.
 1 APPPATH\Controllers\Anasayfa.php(107): CodeIgniter\Debug\Exceptions->errorHandler(2, 'Undefined array key 0', 'D:\\wamp64\\www\\iskandinav_mitolojisi\\app\\Controllers\\Anasayfa.php', 107)
 2 SYSTEMPATH\CodeIgniter.php(942): App\Controllers\Anasayfa->incele('<')
 3 SYSTEMPATH\CodeIgniter.php(502): CodeIgniter\CodeIgniter->runController(Object(App\Controllers\Anasayfa))
 4 SYSTEMPATH\CodeIgniter.php(361): CodeIgniter\CodeIgniter->handleRequest(null, Object(Config\Cache), false)
 5 FCPATH\index.php(79): CodeIgniter\CodeIgniter->run()
INFO - 2024-01-11 13:44:50 --> Session: Class initialized using 'CodeIgniter\Session\Handlers\FileHandler' driver.
CRITICAL - 2024-01-11 13:44:50 --> Undefined array key 0
in APPPATH\Controllers\Anasayfa.php on line 107.
 1 APPPATH\Controllers\Anasayfa.php(107): CodeIgniter\Debug\Exceptions->errorHandler(2, 'Undefined array key 0', 'D:\\wamp64\\www\\iskandinav_mitolojisi\\app\\Controllers\\Anasayfa.php', 107)
 2 SYSTEMPATH\CodeIgniter.php(942): App\Controllers\Anasayfa->incele('<')
 3 SYSTEMPATH\CodeIgniter.php(502): CodeIgniter\CodeIgniter->runController(Object(App\Controllers\Anasayfa))
 4 SYSTEMPATH\CodeIgniter.php(361): CodeIgniter\CodeIgniter->handleRequest(null, Object(Config\Cache), false)
 5 FCPATH\index.php(79): CodeIgniter\CodeIgniter->run()
CRITICAL - 2024-01-11 13:44:50 --> Undefined array key 0
in APPPATH\Controllers\Anasayfa.php on line 107.
 1 APPPATH\Controllers\Anasayfa.php(107): CodeIgniter\Debug\Exceptions->errorHandler(2, 'Undefined array key 0', 'D:\\wamp64\\www\\iskandinav_mitolojisi\\app\\Controllers\\Anasayfa.php', 107)
 2 SYSTEMPATH\CodeIgniter.php(942): App\Controllers\Anasayfa->incele('<')
 3 SYSTEMPATH\CodeIgniter.php(502): CodeIgniter\CodeIgniter->runController(Object(App\Controllers\Anasayfa))
 4 SYSTEMPATH\CodeIgniter.php(361): CodeIgniter\CodeIgniter->handleRequest(null, Object(Config\Cache), false)
 5 FCPATH\index.php(79): CodeIgniter\CodeIgniter->run()
CRITICAL - 2024-01-11 13:44:50 --> Undefined array key 0
in APPPATH\Controllers\Anasayfa.php on line 107.
 1 APPPATH\Controllers\Anasayfa.php(107): CodeIgniter\Debug\Exceptions->errorHandler(2, 'Undefined array key 0', 'D:\\wamp64\\www\\iskandinav_mitolojisi\\app\\Controllers\\Anasayfa.php', 107)
 2 SYSTEMPATH\CodeIgniter.php(942): App\Controllers\Anasayfa->incele('<')
 3 SYSTEMPATH\CodeIgniter.php(502): CodeIgniter\CodeIgniter->runController(Object(App\Controllers\Anasayfa))
 4 SYSTEMPATH\CodeIgniter.php(361): CodeIgniter\CodeIgniter->handleRequest(null, Object(Config\Cache), false)
 5 FCPATH\index.php(79): CodeIgniter\CodeIgniter->run()
CRITICAL - 2024-01-11 13:44:50 --> Undefined array key 0
in APPPATH\Controllers\Anasayfa.php on line 107.
 1 APPPATH\Controllers\Anasayfa.php(107): CodeIgniter\Debug\Exceptions->errorHandler(2, 'Undefined array key 0', 'D:\\wamp64\\www\\iskandinav_mitolojisi\\app\\Controllers\\Anasayfa.php', 107)
 2 SYSTEMPATH\CodeIgniter.php(942): App\Controllers\Anasayfa->incele('<')
 3 SYSTEMPATH\CodeIgniter.php(502): CodeIgniter\CodeIgniter->runController(Object(App\Controllers\Anasayfa))
 4 SYSTEMPATH\CodeIgniter.php(361): CodeIgniter\CodeIgniter->handleRequest(null, Object(Config\Cache), false)
 5 FCPATH\index.php(79): CodeIgniter\CodeIgniter->run()
CRITICAL - 2024-01-11 13:44:50 --> Undefined array key 0
in APPPATH\Controllers\Anasayfa.php on line 107.
 1 APPPATH\Controllers\Anasayfa.php(107): CodeIgniter\Debug\Exceptions->errorHandler(2, 'Undefined array key 0', 'D:\\wamp64\\www\\iskandinav_mitolojisi\\app\\Controllers\\Anasayfa.php', 107)
 2 SYSTEMPATH\CodeIgniter.php(942): App\Controllers\Anasayfa->incele('<')
 3 SYSTEMPATH\CodeIgniter.php(502): CodeIgniter\CodeIgniter->runController(Object(App\Controllers\Anasayfa))
 4 SYSTEMPATH\CodeIgniter.php(361): CodeIgniter\CodeIgniter->handleRequest(null, Object(Config\Cache), false)
 5 FCPATH\index.php(79): CodeIgniter\CodeIgniter->run()
CRITICAL - 2024-01-11 13:44:50 --> Undefined array key 0
in APPPATH\Controllers\Anasayfa.php on line 107.
 1 APPPATH\Controllers\Anasayfa.php(107): CodeIgniter\Debug\Exceptions->errorHandler(2, 'Undefined array key 0', 'D:\\wamp64\\www\\iskandinav_mitolojisi\\app\\Controllers\\Anasayfa.php', 107)
 2 SYSTEMPATH\CodeIgniter.php(942): App\Controllers\Anasayfa->incele('<')
 3 SYSTEMPATH\CodeIgniter.php(502): CodeIgniter\CodeIgniter->runController(Object(App\Controllers\Anasayfa))
 4 SYSTEMPATH\CodeIgniter.php(361): CodeIgniter\CodeIgniter->handleRequest(null, Object(Config\Cache), false)
 5 FCPATH\index.php(79): CodeIgniter\CodeIgniter->run()
CRITICAL - 2024-01-11 13:44:50 --> Undefined array key 0
in APPPATH\Controllers\Anasayfa.php on line 107.
 1 APPPATH\Controllers\Anasayfa.php(107): CodeIgniter\Debug\Exceptions->errorHandler(2, 'Undefined array key 0', 'D:\\wamp64\\www\\iskandinav_mitolojisi\\app\\Controllers\\Anasayfa.php', 107)
 2 SYSTEMPATH\CodeIgniter.php(942): App\Controllers\Anasayfa->incele('<')
 3 SYSTEMPATH\CodeIgniter.php(502): CodeIgniter\CodeIgniter->runController(Object(App\Controllers\Anasayfa))
 4 SYSTEMPATH\CodeIgniter.php(361): CodeIgniter\CodeIgniter->handleRequest(null, Object(Config\Cache), false)
 5 FCPATH\index.php(79): CodeIgniter\CodeIgniter->run()
CRITICAL - 2024-01-11 13:44:50 --> Undefined array key 0
in APPPATH\Controllers\Anasayfa.php on line 107.
 1 APPPATH\Controllers\Anasayfa.php(107): CodeIgniter\Debug\Exceptions->errorHandler(2, 'Undefined array key 0', 'D:\\wamp64\\www\\iskandinav_mitolojisi\\app\\Controllers\\Anasayfa.php', 107)
 2 SYSTEMPATH\CodeIgniter.php(942): App\Controllers\Anasayfa->incele('<')
 3 SYSTEMPATH\CodeIgniter.php(502): CodeIgniter\CodeIgniter->runController(Object(App\Controllers\Anasayfa))
 4 SYSTEMPATH\CodeIgniter.php(361): CodeIgniter\CodeIgniter->handleRequest(null, Object(Config\Cache), false)
 5 FCPATH\index.php(79): CodeIgniter\CodeIgniter->run()
INFO - 2024-01-11 13:48:12 --> Session: Class initialized using 'CodeIgniter\Session\Handlers\FileHandler' driver.
CRITICAL - 2024-01-11 13:48:12 --> Undefined array key 0
in APPPATH\Controllers\Anasayfa.php on line 107.
 1 APPPATH\Controllers\Anasayfa.php(107): CodeIgniter\Debug\Exceptions->errorHandler(2, 'Undefined array key 0', 'D:\\wamp64\\www\\iskandinav_mitolojisi\\app\\Controllers\\Anasayfa.php', 107)
 2 SYSTEMPATH\CodeIgniter.php(942): App\Controllers\Anasayfa->incele('<')
 3 SYSTEMPATH\CodeIgniter.php(502): CodeIgniter\CodeIgniter->runController(Object(App\Controllers\Anasayfa))
 4 SYSTEMPATH\CodeIgniter.php(361): CodeIgniter\CodeIgniter->handleRequest(null, Object(Config\Cache), false)
 5 FCPATH\index.php(79): CodeIgniter\CodeIgniter->run()
CRITICAL - 2024-01-11 13:48:12 --> Undefined array key 0
in APPPATH\Controllers\Anasayfa.php on line 107.
 1 APPPATH\Controllers\Anasayfa.php(107): CodeIgniter\Debug\Exceptions->errorHandler(2, 'Undefined array key 0', 'D:\\wamp64\\www\\iskandinav_mitolojisi\\app\\Controllers\\Anasayfa.php', 107)
 2 SYSTEMPATH\CodeIgniter.php(942): App\Controllers\Anasayfa->incele('<')
 3 SYSTEMPATH\CodeIgniter.php(502): CodeIgniter\CodeIgniter->runController(Object(App\Controllers\Anasayfa))
 4 SYSTEMPATH\CodeIgniter.php(361): CodeIgniter\CodeIgniter->handleRequest(null, Object(Config\Cache), false)
 5 FCPATH\index.php(79): CodeIgniter\CodeIgniter->run()
CRITICAL - 2024-01-11 13:48:12 --> Undefined array key 0
in APPPATH\Controllers\Anasayfa.php on line 107.
 1 APPPATH\Controllers\Anasayfa.php(107): CodeIgniter\Debug\Exceptions->errorHandler(2, 'Undefined array key 0', 'D:\\wamp64\\www\\iskandinav_mitolojisi\\app\\Controllers\\Anasayfa.php', 107)
 2 SYSTEMPATH\CodeIgniter.php(942): App\Controllers\Anasayfa->incele('<')
 3 SYSTEMPATH\CodeIgniter.php(502): CodeIgniter\CodeIgniter->runController(Object(App\Controllers\Anasayfa))
 4 SYSTEMPATH\CodeIgniter.php(361): CodeIgniter\CodeIgniter->handleRequest(null, Object(Config\Cache), false)
 5 FCPATH\index.php(79): CodeIgniter\CodeIgniter->run()
CRITICAL - 2024-01-11 13:48:12 --> Undefined array key 0
in APPPATH\Controllers\Anasayfa.php on line 107.
 1 APPPATH\Controllers\Anasayfa.php(107): CodeIgniter\Debug\Exceptions->errorHandler(2, 'Undefined array key 0', 'D:\\wamp64\\www\\iskandinav_mitolojisi\\app\\Controllers\\Anasayfa.php', 107)
 2 SYSTEMPATH\CodeIgniter.php(942): App\Controllers\Anasayfa->incele('<')
 3 SYSTEMPATH\CodeIgniter.php(502): CodeIgniter\CodeIgniter->runController(Object(App\Controllers\Anasayfa))
 4 SYSTEMPATH\CodeIgniter.php(361): CodeIgniter\CodeIgniter->handleRequest(null, Object(Config\Cache), false)
 5 FCPATH\index.php(79): CodeIgniter\CodeIgniter->run()
CRITICAL - 2024-01-11 13:48:12 --> Undefined array key 0
in APPPATH\Controllers\Anasayfa.php on line 107.
 1 APPPATH\Controllers\Anasayfa.php(107): CodeIgniter\Debug\Exceptions->errorHandler(2, 'Undefined array key 0', 'D:\\wamp64\\www\\iskandinav_mitolojisi\\app\\Controllers\\Anasayfa.php', 107)
 2 SYSTEMPATH\CodeIgniter.php(942): App\Controllers\Anasayfa->incele('<')
 3 SYSTEMPATH\CodeIgniter.php(502): CodeIgniter\CodeIgniter->runController(Object(App\Controllers\Anasayfa))
 4 SYSTEMPATH\CodeIgniter.php(361): CodeIgniter\CodeIgniter->handleRequest(null, Object(Config\Cache), false)
 5 FCPATH\index.php(79): CodeIgniter\CodeIgniter->run()
CRITICAL - 2024-01-11 13:48:12 --> Undefined array key 0
in APPPATH\Controllers\Anasayfa.php on line 107.
 1 APPPATH\Controllers\Anasayfa.php(107): CodeIgniter\Debug\Exceptions->errorHandler(2, 'Undefined array key 0', 'D:\\wamp64\\www\\iskandinav_mitolojisi\\app\\Controllers\\Anasayfa.php', 107)
 2 SYSTEMPATH\CodeIgniter.php(942): App\Controllers\Anasayfa->incele('<')
 3 SYSTEMPATH\CodeIgniter.php(502): CodeIgniter\CodeIgniter->runController(Object(App\Controllers\Anasayfa))
 4 SYSTEMPATH\CodeIgniter.php(361): CodeIgniter\CodeIgniter->handleRequest(null, Object(Config\Cache), false)
 5 FCPATH\index.php(79): CodeIgniter\CodeIgniter->run()
CRITICAL - 2024-01-11 13:48:12 --> Undefined array key 0
in APPPATH\Controllers\Anasayfa.php on line 107.
 1 APPPATH\Controllers\Anasayfa.php(107): CodeIgniter\Debug\Exceptions->errorHandler(2, 'Undefined array key 0', 'D:\\wamp64\\www\\iskandinav_mitolojisi\\app\\Controllers\\Anasayfa.php', 107)
 2 SYSTEMPATH\CodeIgniter.php(942): App\Controllers\Anasayfa->incele('<')
 3 SYSTEMPATH\CodeIgniter.php(502): CodeIgniter\CodeIgniter->runController(Object(App\Controllers\Anasayfa))
 4 SYSTEMPATH\CodeIgniter.php(361): CodeIgniter\CodeIgniter->handleRequest(null, Object(Config\Cache), false)
 5 FCPATH\index.php(79): CodeIgniter\CodeIgniter->run()
CRITICAL - 2024-01-11 13:48:12 --> Undefined array key 0
in APPPATH\Controllers\Anasayfa.php on line 107.
 1 APPPATH\Controllers\Anasayfa.php(107): CodeIgniter\Debug\Exceptions->errorHandler(2, 'Undefined array key 0', 'D:\\wamp64\\www\\iskandinav_mitolojisi\\app\\Controllers\\Anasayfa.php', 107)
 2 SYSTEMPATH\CodeIgniter.php(942): App\Controllers\Anasayfa->incele('<')
 3 SYSTEMPATH\CodeIgniter.php(502): CodeIgniter\CodeIgniter->runController(Object(App\Controllers\Anasayfa))
 4 SYSTEMPATH\CodeIgniter.php(361): CodeIgniter\CodeIgniter->handleRequest(null, Object(Config\Cache), false)
 5 FCPATH\index.php(79): CodeIgniter\CodeIgniter->run()
INFO - 2024-01-11 13:49:23 --> Session: Class initialized using 'CodeIgniter\Session\Handlers\FileHandler' driver.
CRITICAL - 2024-01-11 13:49:23 --> Undefined array key 0
in APPPATH\Controllers\Anasayfa.php on line 107.
 1 APPPATH\Controllers\Anasayfa.php(107): CodeIgniter\Debug\Exceptions->errorHandler(2, 'Undefined array key 0', 'D:\\wamp64\\www\\iskandinav_mitolojisi\\app\\Controllers\\Anasayfa.php', 107)
 2 SYSTEMPATH\CodeIgniter.php(942): App\Controllers\Anasayfa->incele('<')
 3 SYSTEMPATH\CodeIgniter.php(502): CodeIgniter\CodeIgniter->runController(Object(App\Controllers\Anasayfa))
 4 SYSTEMPATH\CodeIgniter.php(361): CodeIgniter\CodeIgniter->handleRequest(null, Object(Config\Cache), false)
 5 FCPATH\index.php(79): CodeIgniter\CodeIgniter->run()
CRITICAL - 2024-01-11 13:49:23 --> Undefined array key 0
in APPPATH\Controllers\Anasayfa.php on line 107.
 1 APPPATH\Controllers\Anasayfa.php(107): CodeIgniter\Debug\Exceptions->errorHandler(2, 'Undefined array key 0', 'D:\\wamp64\\www\\iskandinav_mitolojisi\\app\\Controllers\\Anasayfa.php', 107)
 2 SYSTEMPATH\CodeIgniter.php(942): App\Controllers\Anasayfa->incele('<')
 3 SYSTEMPATH\CodeIgniter.php(502): CodeIgniter\CodeIgniter->runController(Object(App\Controllers\Anasayfa))
 4 SYSTEMPATH\CodeIgniter.php(361): CodeIgniter\CodeIgniter->handleRequest(null, Object(Config\Cache), false)
 5 FCPATH\index.php(79): CodeIgniter\CodeIgniter->run()
CRITICAL - 2024-01-11 13:49:23 --> Undefined array key 0
in APPPATH\Controllers\Anasayfa.php on line 107.
 1 APPPATH\Controllers\Anasayfa.php(107): CodeIgniter\Debug\Exceptions->errorHandler(2, 'Undefined array key 0', 'D:\\wamp64\\www\\iskandinav_mitolojisi\\app\\Controllers\\Anasayfa.php', 107)
 2 SYSTEMPATH\CodeIgniter.php(942): App\Controllers\Anasayfa->incele('<')
 3 SYSTEMPATH\CodeIgniter.php(502): CodeIgniter\CodeIgniter->runController(Object(App\Controllers\Anasayfa))
 4 SYSTEMPATH\CodeIgniter.php(361): CodeIgniter\CodeIgniter->handleRequest(null, Object(Config\Cache), false)
 5 FCPATH\index.php(79): CodeIgniter\CodeIgniter->run()
CRITICAL - 2024-01-11 13:49:23 --> Undefined array key 0
in APPPATH\Controllers\Anasayfa.php on line 107.
 1 APPPATH\Controllers\Anasayfa.php(107): CodeIgniter\Debug\Exceptions->errorHandler(2, 'Undefined array key 0', 'D:\\wamp64\\www\\iskandinav_mitolojisi\\app\\Controllers\\Anasayfa.php', 107)
 2 SYSTEMPATH\CodeIgniter.php(942): App\Controllers\Anasayfa->incele('<')
 3 SYSTEMPATH\CodeIgniter.php(502): CodeIgniter\CodeIgniter->runController(Object(App\Controllers\Anasayfa))
 4 SYSTEMPATH\CodeIgniter.php(361): CodeIgniter\CodeIgniter->handleRequest(null, Object(Config\Cache), false)
 5 FCPATH\index.php(79): CodeIgniter\CodeIgniter->run()
CRITICAL - 2024-01-11 13:49:23 --> Undefined array key 0
in APPPATH\Controllers\Anasayfa.php on line 107.
 1 APPPATH\Controllers\Anasayfa.php(107): CodeIgniter\Debug\Exceptions->errorHandler(2, 'Undefined array key 0', 'D:\\wamp64\\www\\iskandinav_mitolojisi\\app\\Controllers\\Anasayfa.php', 107)
 2 SYSTEMPATH\CodeIgniter.php(942): App\Controllers\Anasayfa->incele('<')
 3 SYSTEMPATH\CodeIgniter.php(502): CodeIgniter\CodeIgniter->runController(Object(App\Controllers\Anasayfa))
 4 SYSTEMPATH\CodeIgniter.php(361): CodeIgniter\CodeIgniter->handleRequest(null, Object(Config\Cache), false)
 5 FCPATH\index.php(79): CodeIgniter\CodeIgniter->run()
CRITICAL - 2024-01-11 13:49:23 --> Undefined array key 0
in APPPATH\Controllers\Anasayfa.php on line 107.
 1 APPPATH\Controllers\Anasayfa.php(107): CodeIgniter\Debug\Exceptions->errorHandler(2, 'Undefined array key 0', 'D:\\wamp64\\www\\iskandinav_mitolojisi\\app\\Controllers\\Anasayfa.php', 107)
 2 SYSTEMPATH\CodeIgniter.php(942): App\Controllers\Anasayfa->incele('<')
 3 SYSTEMPATH\CodeIgniter.php(502): CodeIgniter\CodeIgniter->runController(Object(App\Controllers\Anasayfa))
 4 SYSTEMPATH\CodeIgniter.php(361): CodeIgniter\CodeIgniter->handleRequest(null, Object(Config\Cache), false)
 5 FCPATH\index.php(79): CodeIgniter\CodeIgniter->run()
CRITICAL - 2024-01-11 13:49:23 --> Undefined array key 0
in APPPATH\Controllers\Anasayfa.php on line 107.
 1 APPPATH\Controllers\Anasayfa.php(107): CodeIgniter\Debug\Exceptions->errorHandler(2, 'Undefined array key 0', 'D:\\wamp64\\www\\iskandinav_mitolojisi\\app\\Controllers\\Anasayfa.php', 107)
 2 SYSTEMPATH\CodeIgniter.php(942): App\Controllers\Anasayfa->incele('<')
 3 SYSTEMPATH\CodeIgniter.php(502): CodeIgniter\CodeIgniter->runController(Object(App\Controllers\Anasayfa))
 4 SYSTEMPATH\CodeIgniter.php(361): CodeIgniter\CodeIgniter->handleRequest(null, Object(Config\Cache), false)
 5 FCPATH\index.php(79): CodeIgniter\CodeIgniter->run()
CRITICAL - 2024-01-11 13:49:23 --> Undefined array key 0
in APPPATH\Controllers\Anasayfa.php on line 107.
 1 APPPATH\Controllers\Anasayfa.php(107): CodeIgniter\Debug\Exceptions->errorHandler(2, 'Undefined array key 0', 'D:\\wamp64\\www\\iskandinav_mitolojisi\\app\\Controllers\\Anasayfa.php', 107)
 2 SYSTEMPATH\CodeIgniter.php(942): App\Controllers\Anasayfa->incele('<')
 3 SYSTEMPATH\CodeIgniter.php(502): CodeIgniter\CodeIgniter->runController(Object(App\Controllers\Anasayfa))
 4 SYSTEMPATH\CodeIgniter.php(361): CodeIgniter\CodeIgniter->handleRequest(null, Object(Config\Cache), false)
 5 FCPATH\index.php(79): CodeIgniter\CodeIgniter->run()
INFO - 2024-01-11 13:50:15 --> Session: Class initialized using 'CodeIgniter\Session\Handlers\FileHandler' driver.
CRITICAL - 2024-01-11 13:50:15 --> Undefined array key 0
in APPPATH\Controllers\Anasayfa.php on line 107.
 1 APPPATH\Controllers\Anasayfa.php(107): CodeIgniter\Debug\Exceptions->errorHandler(2, 'Undefined array key 0', 'D:\\wamp64\\www\\iskandinav_mitolojisi\\app\\Controllers\\Anasayfa.php', 107)
 2 SYSTEMPATH\CodeIgniter.php(942): App\Controllers\Anasayfa->incele('<')
 3 SYSTEMPATH\CodeIgniter.php(502): CodeIgniter\CodeIgniter->runController(Object(App\Controllers\Anasayfa))
 4 SYSTEMPATH\CodeIgniter.php(361): CodeIgniter\CodeIgniter->handleRequest(null, Object(Config\Cache), false)
 5 FCPATH\index.php(79): CodeIgniter\CodeIgniter->run()
CRITICAL - 2024-01-11 13:50:15 --> Undefined array key 0
in APPPATH\Controllers\Anasayfa.php on line 107.
 1 APPPATH\Controllers\Anasayfa.php(107): CodeIgniter\Debug\Exceptions->errorHandler(2, 'Undefined array key 0', 'D:\\wamp64\\www\\iskandinav_mitolojisi\\app\\Controllers\\Anasayfa.php', 107)
 2 SYSTEMPATH\CodeIgniter.php(942): App\Controllers\Anasayfa->incele('<')
 3 SYSTEMPATH\CodeIgniter.php(502): CodeIgniter\CodeIgniter->runController(Object(App\Controllers\Anasayfa))
 4 SYSTEMPATH\CodeIgniter.php(361): CodeIgniter\CodeIgniter->handleRequest(null, Object(Config\Cache), false)
 5 FCPATH\index.php(79): CodeIgniter\CodeIgniter->run()
CRITICAL - 2024-01-11 13:50:15 --> Undefined array key 0
in APPPATH\Controllers\Anasayfa.php on line 107.
 1 APPPATH\Controllers\Anasayfa.php(107): CodeIgniter\Debug\Exceptions->errorHandler(2, 'Undefined array key 0', 'D:\\wamp64\\www\\iskandinav_mitolojisi\\app\\Controllers\\Anasayfa.php', 107)
 2 SYSTEMPATH\CodeIgniter.php(942): App\Controllers\Anasayfa->incele('<')
 3 SYSTEMPATH\CodeIgniter.php(502): CodeIgniter\CodeIgniter->runController(Object(App\Controllers\Anasayfa))
 4 SYSTEMPATH\CodeIgniter.php(361): CodeIgniter\CodeIgniter->handleRequest(null, Object(Config\Cache), false)
 5 FCPATH\index.php(79): CodeIgniter\CodeIgniter->run()
CRITICAL - 2024-01-11 13:50:15 --> Undefined array key 0
in APPPATH\Controllers\Anasayfa.php on line 107.
 1 APPPATH\Controllers\Anasayfa.php(107): CodeIgniter\Debug\Exceptions->errorHandler(2, 'Undefined array key 0', 'D:\\wamp64\\www\\iskandinav_mitolojisi\\app\\Controllers\\Anasayfa.php', 107)
 2 SYSTEMPATH\CodeIgniter.php(942): App\Controllers\Anasayfa->incele('<')
 3 SYSTEMPATH\CodeIgniter.php(502): CodeIgniter\CodeIgniter->runController(Object(App\Controllers\Anasayfa))
 4 SYSTEMPATH\CodeIgniter.php(361): CodeIgniter\CodeIgniter->handleRequest(null, Object(Config\Cache), false)
 5 FCPATH\index.php(79): CodeIgniter\CodeIgniter->run()
INFO - 2024-01-11 13:50:20 --> Session: Class initialized using 'CodeIgniter\Session\Handlers\FileHandler' driver.
CRITICAL - 2024-01-11 13:50:20 --> Undefined array key 0
in APPPATH\Controllers\Anasayfa.php on line 107.
 1 APPPATH\Controllers\Anasayfa.php(107): CodeIgniter\Debug\Exceptions->errorHandler(2, 'Undefined array key 0', 'D:\\wamp64\\www\\iskandinav_mitolojisi\\app\\Controllers\\Anasayfa.php', 107)
 2 SYSTEMPATH\CodeIgniter.php(942): App\Controllers\Anasayfa->incele('<')
 3 SYSTEMPATH\CodeIgniter.php(502): CodeIgniter\CodeIgniter->runController(Object(App\Controllers\Anasayfa))
 4 SYSTEMPATH\CodeIgniter.php(361): CodeIgniter\CodeIgniter->handleRequest(null, Object(Config\Cache), false)
 5 FCPATH\index.php(79): CodeIgniter\CodeIgniter->run()
CRITICAL - 2024-01-11 13:50:20 --> Undefined array key 0
in APPPATH\Controllers\Anasayfa.php on line 107.
 1 APPPATH\Controllers\Anasayfa.php(107): CodeIgniter\Debug\Exceptions->errorHandler(2, 'Undefined array key 0', 'D:\\wamp64\\www\\iskandinav_mitolojisi\\app\\Controllers\\Anasayfa.php', 107)
 2 SYSTEMPATH\CodeIgniter.php(942): App\Controllers\Anasayfa->incele('<')
 3 SYSTEMPATH\CodeIgniter.php(502): CodeIgniter\CodeIgniter->runController(Object(App\Controllers\Anasayfa))
 4 SYSTEMPATH\CodeIgniter.php(361): CodeIgniter\CodeIgniter->handleRequest(null, Object(Config\Cache), false)
 5 FCPATH\index.php(79): CodeIgniter\CodeIgniter->run()
CRITICAL - 2024-01-11 13:50:20 --> Undefined array key 0
in APPPATH\Controllers\Anasayfa.php on line 107.
 1 APPPATH\Controllers\Anasayfa.php(107): CodeIgniter\Debug\Exceptions->errorHandler(2, 'Undefined array key 0', 'D:\\wamp64\\www\\iskandinav_mitolojisi\\app\\Controllers\\Anasayfa.php', 107)
 2 SYSTEMPATH\CodeIgniter.php(942): App\Controllers\Anasayfa->incele('<')
 3 SYSTEMPATH\CodeIgniter.php(502): CodeIgniter\CodeIgniter->runController(Object(App\Controllers\Anasayfa))
 4 SYSTEMPATH\CodeIgniter.php(361): CodeIgniter\CodeIgniter->handleRequest(null, Object(Config\Cache), false)
 5 FCPATH\index.php(79): CodeIgniter\CodeIgniter->run()
CRITICAL - 2024-01-11 13:50:20 --> Undefined array key 0
in APPPATH\Controllers\Anasayfa.php on line 107.
 1 APPPATH\Controllers\Anasayfa.php(107): CodeIgniter\Debug\Exceptions->errorHandler(2, 'Undefined array key 0', 'D:\\wamp64\\www\\iskandinav_mitolojisi\\app\\Controllers\\Anasayfa.php', 107)
 2 SYSTEMPATH\CodeIgniter.php(942): App\Controllers\Anasayfa->incele('<')
 3 SYSTEMPATH\CodeIgniter.php(502): CodeIgniter\CodeIgniter->runController(Object(App\Controllers\Anasayfa))
 4 SYSTEMPATH\CodeIgniter.php(361): CodeIgniter\CodeIgniter->handleRequest(null, Object(Config\Cache), false)
 5 FCPATH\index.php(79): CodeIgniter\CodeIgniter->run()
INFO - 2024-01-11 13:50:45 --> Session: Class initialized using 'CodeIgniter\Session\Handlers\FileHandler' driver.
CRITICAL - 2024-01-11 13:50:45 --> Undefined array key 0
in APPPATH\Controllers\Anasayfa.php on line 107.
 1 APPPATH\Controllers\Anasayfa.php(107): CodeIgniter\Debug\Exceptions->errorHandler(2, 'Undefined array key 0', 'D:\\wamp64\\www\\iskandinav_mitolojisi\\app\\Controllers\\Anasayfa.php', 107)
 2 SYSTEMPATH\CodeIgniter.php(942): App\Controllers\Anasayfa->incele('<')
 3 SYSTEMPATH\CodeIgniter.php(502): CodeIgniter\CodeIgniter->runController(Object(App\Controllers\Anasayfa))
 4 SYSTEMPATH\CodeIgniter.php(361): CodeIgniter\CodeIgniter->handleRequest(null, Object(Config\Cache), false)
 5 FCPATH\index.php(79): CodeIgniter\CodeIgniter->run()
CRITICAL - 2024-01-11 13:50:45 --> Undefined array key 0
in APPPATH\Controllers\Anasayfa.php on line 107.
 1 APPPATH\Controllers\Anasayfa.php(107): CodeIgniter\Debug\Exceptions->errorHandler(2, 'Undefined array key 0', 'D:\\wamp64\\www\\iskandinav_mitolojisi\\app\\Controllers\\Anasayfa.php', 107)
 2 SYSTEMPATH\CodeIgniter.php(942): App\Controllers\Anasayfa->incele('<')
 3 SYSTEMPATH\CodeIgniter.php(502): CodeIgniter\CodeIgniter->runController(Object(App\Controllers\Anasayfa))
 4 SYSTEMPATH\CodeIgniter.php(361): CodeIgniter\CodeIgniter->handleRequest(null, Object(Config\Cache), false)
 5 FCPATH\index.php(79): CodeIgniter\CodeIgniter->run()
CRITICAL - 2024-01-11 13:50:45 --> Undefined array key 0
in APPPATH\Controllers\Anasayfa.php on line 107.
 1 APPPATH\Controllers\Anasayfa.php(107): CodeIgniter\Debug\Exceptions->errorHandler(2, 'Undefined array key 0', 'D:\\wamp64\\www\\iskandinav_mitolojisi\\app\\Controllers\\Anasayfa.php', 107)
 2 SYSTEMPATH\CodeIgniter.php(942): App\Controllers\Anasayfa->incele('<')
 3 SYSTEMPATH\CodeIgniter.php(502): CodeIgniter\CodeIgniter->runController(Object(App\Controllers\Anasayfa))
 4 SYSTEMPATH\CodeIgniter.php(361): CodeIgniter\CodeIgniter->handleRequest(null, Object(Config\Cache), false)
 5 FCPATH\index.php(79): CodeIgniter\CodeIgniter->run()
CRITICAL - 2024-01-11 13:50:45 --> Undefined array key 0
in APPPATH\Controllers\Anasayfa.php on line 107.
 1 APPPATH\Controllers\Anasayfa.php(107): CodeIgniter\Debug\Exceptions->errorHandler(2, 'Undefined array key 0', 'D:\\wamp64\\www\\iskandinav_mitolojisi\\app\\Controllers\\Anasayfa.php', 107)
 2 SYSTEMPATH\CodeIgniter.php(942): App\Controllers\Anasayfa->incele('<')
 3 SYSTEMPATH\CodeIgniter.php(502): CodeIgniter\CodeIgniter->runController(Object(App\Controllers\Anasayfa))
 4 SYSTEMPATH\CodeIgniter.php(361): CodeIgniter\CodeIgniter->handleRequest(null, Object(Config\Cache), false)
 5 FCPATH\index.php(79): CodeIgniter\CodeIgniter->run()
INFO - 2024-01-11 13:51:36 --> Session: Class initialized using 'CodeIgniter\Session\Handlers\FileHandler' driver.
CRITICAL - 2024-01-11 13:51:36 --> Undefined array key 0
in APPPATH\Controllers\Anasayfa.php on line 107.
 1 APPPATH\Controllers\Anasayfa.php(107): CodeIgniter\Debug\Exceptions->errorHandler(2, 'Undefined array key 0', 'D:\\wamp64\\www\\iskandinav_mitolojisi\\app\\Controllers\\Anasayfa.php', 107)
 2 SYSTEMPATH\CodeIgniter.php(942): App\Controllers\Anasayfa->incele('<')
 3 SYSTEMPATH\CodeIgniter.php(502): CodeIgniter\CodeIgniter->runController(Object(App\Controllers\Anasayfa))
 4 SYSTEMPATH\CodeIgniter.php(361): CodeIgniter\CodeIgniter->handleRequest(null, Object(Config\Cache), false)
 5 FCPATH\index.php(79): CodeIgniter\CodeIgniter->run()
INFO - 2024-01-11 13:52:28 --> Session: Class initialized using 'CodeIgniter\Session\Handlers\FileHandler' driver.
INFO - 2024-01-11 13:52:30 --> Session: Class initialized using 'CodeIgniter\Session\Handlers\FileHandler' driver.
INFO - 2024-01-11 13:52:30 --> Session: Class initialized using 'CodeIgniter\Session\Handlers\FileHandler' driver.
INFO - 2024-01-11 13:52:46 --> CSRF token verified.
INFO - 2024-01-11 13:52:46 --> Session: Class initialized using 'CodeIgniter\Session\Handlers\FileHandler' driver.
INFO - 2024-01-11 13:52:46 --> Session: Class initialized using 'CodeIgniter\Session\Handlers\FileHandler' driver.
INFO - 2024-01-11 13:52:49 --> Session: Class initialized using 'CodeIgniter\Session\Handlers\FileHandler' driver.
INFO - 2024-01-11 13:52:51 --> Session: Class initialized using 'CodeIgniter\Session\Handlers\FileHandler' driver.
INFO - 2024-01-11 13:52:52 --> Session: Class initialized using 'CodeIgniter\Session\Handlers\FileHandler' driver.
INFO - 2024-01-11 13:53:12 --> Session: Class initialized using 'CodeIgniter\Session\Handlers\FileHandler' driver.
INFO - 2024-01-11 13:53:12 --> Session: Class initialized using 'CodeIgniter\Session\Handlers\FileHandler' driver.
INFO - 2024-01-11 14:17:42 --> Session: Class initialized using 'CodeIgniter\Session\Handlers\FileHandler' driver.
CRITICAL - 2024-01-11 14:17:42 --> Undefined array key 0
in APPPATH\Controllers\Anasayfa.php on line 107.
 1 APPPATH\Controllers\Anasayfa.php(107): CodeIgniter\Debug\Exceptions->errorHandler(2, 'Undefined array key 0', 'D:\\wamp64\\www\\iskandinav_mitolojisi\\app\\Controllers\\Anasayfa.php', 107)
 2 SYSTEMPATH\CodeIgniter.php(942): App\Controllers\Anasayfa->incele('<')
 3 SYSTEMPATH\CodeIgniter.php(502): CodeIgniter\CodeIgniter->runController(Object(App\Controllers\Anasayfa))
 4 SYSTEMPATH\CodeIgniter.php(361): CodeIgniter\CodeIgniter->handleRequest(null, Object(Config\Cache), false)
 5 FCPATH\index.php(79): CodeIgniter\CodeIgniter->run()
INFO - 2024-01-11 14:17:44 --> Session: Class initialized using 'CodeIgniter\Session\Handlers\FileHandler' driver.
INFO - 2024-01-11 14:17:45 --> Session: Class initialized using 'CodeIgniter\Session\Handlers\FileHandler' driver.
INFO - 2024-01-11 14:17:46 --> Session: Class initialized using 'CodeIgniter\Session\Handlers\FileHandler' driver.
INFO - 2024-01-11 14:17:48 --> Session: Class initialized using 'CodeIgniter\Session\Handlers\FileHandler' driver.
INFO - 2024-01-11 14:17:48 --> Session: Class initialized using 'CodeIgniter\Session\Handlers\FileHandler' driver.
INFO - 2024-01-11 14:20:01 --> Session: Class initialized using 'CodeIgniter\Session\Handlers\FileHandler' driver.
INFO - 2024-01-11 14:20:23 --> Session: Class initialized using 'CodeIgniter\Session\Handlers\FileHandler' driver.
INFO - 2024-01-11 14:20:28 --> Session: Class initialized using 'CodeIgniter\Session\Handlers\FileHandler' driver.
INFO - 2024-01-11 14:20:37 --> Session: Class initialized using 'CodeIgniter\Session\Handlers\FileHandler' driver.
INFO - 2024-01-11 14:21:10 --> Session: Class initialized using 'CodeIgniter\Session\Handlers\FileHandler' driver.
CRITICAL - 2024-01-11 14:21:10 --> Undefined array key 0
in APPPATH\Controllers\Anasayfa.php on line 107.
 1 APPPATH\Controllers\Anasayfa.php(107): CodeIgniter\Debug\Exceptions->errorHandler(2, 'Undefined array key 0', 'D:\\wamp64\\www\\iskandinav_mitolojisi\\app\\Controllers\\Anasayfa.php', 107)
 2 SYSTEMPATH\CodeIgniter.php(942): App\Controllers\Anasayfa->incele('<')
 3 SYSTEMPATH\CodeIgniter.php(502): CodeIgniter\CodeIgniter->runController(Object(App\Controllers\Anasayfa))
 4 SYSTEMPATH\CodeIgniter.php(361): CodeIgniter\CodeIgniter->handleRequest(null, Object(Config\Cache), false)
 5 FCPATH\index.php(79): CodeIgniter\CodeIgniter->run()
INFO - 2024-01-11 14:21:14 --> Session: Class initialized using 'CodeIgniter\Session\Handlers\FileHandler' driver.
INFO - 2024-01-11 14:21:15 --> Session: Class initialized using 'CodeIgniter\Session\Handlers\FileHandler' driver.
CRITICAL - 2024-01-11 14:21:15 --> Undefined array key 0
in APPPATH\Controllers\Anasayfa.php on line 107.
 1 APPPATH\Controllers\Anasayfa.php(107): CodeIgniter\Debug\Exceptions->errorHandler(2, 'Undefined array key 0', 'D:\\wamp64\\www\\iskandinav_mitolojisi\\app\\Controllers\\Anasayfa.php', 107)
 2 SYSTEMPATH\CodeIgniter.php(942): App\Controllers\Anasayfa->incele('<')
 3 SYSTEMPATH\CodeIgniter.php(502): CodeIgniter\CodeIgniter->runController(Object(App\Controllers\Anasayfa))
 4 SYSTEMPATH\CodeIgniter.php(361): CodeIgniter\CodeIgniter->handleRequest(null, Object(Config\Cache), false)
 5 FCPATH\index.php(79): CodeIgniter\CodeIgniter->run()
INFO - 2024-01-11 14:21:17 --> Session: Class initialized using 'CodeIgniter\Session\Handlers\FileHandler' driver.
INFO - 2024-01-11 14:21:26 --> Session: Class initialized using 'CodeIgniter\Session\Handlers\FileHandler' driver.
CRITICAL - 2024-01-11 14:21:26 --> Undefined array key 0
in APPPATH\Controllers\Anasayfa.php on line 107.
 1 APPPATH\Controllers\Anasayfa.php(107): CodeIgniter\Debug\Exceptions->errorHandler(2, 'Undefined array key 0', 'D:\\wamp64\\www\\iskandinav_mitolojisi\\app\\Controllers\\Anasayfa.php', 107)
 2 SYSTEMPATH\CodeIgniter.php(942): App\Controllers\Anasayfa->incele('<')
 3 SYSTEMPATH\CodeIgniter.php(502): CodeIgniter\CodeIgniter->runController(Object(App\Controllers\Anasayfa))
 4 SYSTEMPATH\CodeIgniter.php(361): CodeIgniter\CodeIgniter->handleRequest(null, Object(Config\Cache), false)
 5 FCPATH\index.php(79): CodeIgniter\CodeIgniter->run()
CRITICAL - 2024-01-11 16:54:26 --> Undefined array key 0
in APPPATH\Controllers\Anasayfa.php on line 107.
 1 APPPATH\Controllers\Anasayfa.php(107): CodeIgniter\Debug\Exceptions->errorHandler(2, 'Undefined array key 0', 'D:\\wamp64\\www\\iskandinav_mitolojisi\\app\\Controllers\\Anasayfa.php', 107)
 2 SYSTEMPATH\CodeIgniter.php(942): App\Controllers\Anasayfa->incele('index.html')
 3 SYSTEMPATH\CodeIgniter.php(502): CodeIgniter\CodeIgniter->runController(Object(App\Controllers\Anasayfa))
 4 SYSTEMPATH\CodeIgniter.php(361): CodeIgniter\CodeIgniter->handleRequest(null, Object(Config\Cache), false)
 5 FCPATH\index.php(79): CodeIgniter\CodeIgniter->run()
INFO - 2024-01-11 16:54:34 --> Session: Class initialized using 'CodeIgniter\Session\Handlers\FileHandler' driver.
CRITICAL - 2024-01-11 16:54:35 --> Undefined array key 0
in APPPATH\Controllers\Anasayfa.php on line 107.
 1 APPPATH\Controllers\Anasayfa.php(107): CodeIgniter\Debug\Exceptions->errorHandler(2, 'Undefined array key 0', 'D:\\wamp64\\www\\iskandinav_mitolojisi\\app\\Controllers\\Anasayfa.php', 107)
 2 SYSTEMPATH\CodeIgniter.php(942): App\Controllers\Anasayfa->incele('<')
 3 SYSTEMPATH\CodeIgniter.php(502): CodeIgniter\CodeIgniter->runController(Object(App\Controllers\Anasayfa))
 4 SYSTEMPATH\CodeIgniter.php(361): CodeIgniter\CodeIgniter->handleRequest(null, Object(Config\Cache), false)
 5 FCPATH\index.php(79): CodeIgniter\CodeIgniter->run()
INFO - 2024-01-11 16:54:37 --> Session: Class initialized using 'CodeIgniter\Session\Handlers\FileHandler' driver.
CRITICAL - 2024-01-11 16:54:37 --> Undefined array key 0
in APPPATH\Controllers\Anasayfa.php on line 107.
 1 APPPATH\Controllers\Anasayfa.php(107): CodeIgniter\Debug\Exceptions->errorHandler(2, 'Undefined array key 0', 'D:\\wamp64\\www\\iskandinav_mitolojisi\\app\\Controllers\\Anasayfa.php', 107)
 2 SYSTEMPATH\CodeIgniter.php(942): App\Controllers\Anasayfa->incele('<')
 3 SYSTEMPATH\CodeIgniter.php(502): CodeIgniter\CodeIgniter->runController(Object(App\Controllers\Anasayfa))
 4 SYSTEMPATH\CodeIgniter.php(361): CodeIgniter\CodeIgniter->handleRequest(null, Object(Config\Cache), false)
 5 FCPATH\index.php(79): CodeIgniter\CodeIgniter->run()
INFO - 2024-01-11 16:54:38 --> Session: Class initialized using 'CodeIgniter\Session\Handlers\FileHandler' driver.
INFO - 2024-01-11 16:54:43 --> Session: Class initialized using 'CodeIgniter\Session\Handlers\FileHandler' driver.
INFO - 2024-01-11 17:06:49 --> Session: Class initialized using 'CodeIgniter\Session\Handlers\FileHandler' driver.
INFO - 2024-01-11 17:06:49 --> Session: Class initialized using 'CodeIgniter\Session\Handlers\FileHandler' driver.
INFO - 2024-01-11 17:06:57 --> CSRF token verified.
INFO - 2024-01-11 17:06:57 --> Session: Class initialized using 'CodeIgniter\Session\Handlers\FileHandler' driver.
CRITICAL - 2024-01-11 17:06:57 --> Call to a member function view() on string
in APPPATH\Controllers\Anasayfa.php on line 83.
 1 SYSTEMPATH\CodeIgniter.php(942): App\Controllers\Anasayfa->login()
 2 SYSTEMPATH\CodeIgniter.php(502): CodeIgniter\CodeIgniter->runController(Object(App\Controllers\Anasayfa))
 3 SYSTEMPATH\CodeIgniter.php(361): CodeIgniter\CodeIgniter->handleRequest(null, Object(Config\Cache), false)
 4 FCPATH\index.php(79): CodeIgniter\CodeIgniter->run()
INFO - 2024-01-11 17:07:03 --> Session: Class initialized using 'CodeIgniter\Session\Handlers\FileHandler' driver.
INFO - 2024-01-11 17:07:07 --> Session: Class initialized using 'CodeIgniter\Session\Handlers\FileHandler' driver.
INFO - 2024-01-11 17:07:30 --> Session: Class initialized using 'CodeIgniter\Session\Handlers\FileHandler' driver.
INFO - 2024-01-11 17:07:33 --> Session: Class initialized using 'CodeIgniter\Session\Handlers\FileHandler' driver.
INFO - 2024-01-11 17:07:33 --> Session: Class initialized using 'CodeIgniter\Session\Handlers\FileHandler' driver.
INFO - 2024-01-11 17:07:37 --> CSRF token verified.
INFO - 2024-01-11 17:07:37 --> Session: Class initialized using 'CodeIgniter\Session\Handlers\FileHandler' driver.
INFO - 2024-01-11 17:07:37 --> Session: Class initialized using 'CodeIgniter\Session\Handlers\FileHandler' driver.
INFO - 2024-01-11 17:09:36 --> Session: Class initialized using 'CodeIgniter\Session\Handlers\FileHandler' driver.
INFO - 2024-01-11 17:12:12 --> Session: Class initialized using 'CodeIgniter\Session\Handlers\FileHandler' driver.
INFO - 2024-01-11 17:12:27 --> Session: Class initialized using 'CodeIgniter\Session\Handlers\FileHandler' driver.
INFO - 2024-01-11 17:13:22 --> Session: Class initialized using 'CodeIgniter\Session\Handlers\FileHandler' driver.
INFO - 2024-01-11 17:13:23 --> Session: Class initialized using 'CodeIgniter\Session\Handlers\FileHandler' driver.
INFO - 2024-01-11 17:13:33 --> Session: Class initialized using 'CodeIgniter\Session\Handlers\FileHandler' driver.
INFO - 2024-01-11 17:13:58 --> Session: Class initialized using 'CodeIgniter\Session\Handlers\FileHandler' driver.
INFO - 2024-01-11 17:14:15 --> Session: Class initialized using 'CodeIgniter\Session\Handlers\FileHandler' driver.
INFO - 2024-01-11 17:14:29 --> Session: Class initialized using 'CodeIgniter\Session\Handlers\FileHandler' driver.
INFO - 2024-01-11 17:15:03 --> Session: Class initialized using 'CodeIgniter\Session\Handlers\FileHandler' driver.
INFO - 2024-01-11 17:15:21 --> Session: Class initialized using 'CodeIgniter\Session\Handlers\FileHandler' driver.
INFO - 2024-01-11 17:15:50 --> Session: Class initialized using 'CodeIgniter\Session\Handlers\FileHandler' driver.
INFO - 2024-01-11 17:16:16 --> Session: Class initialized using 'CodeIgniter\Session\Handlers\FileHandler' driver.
INFO - 2024-01-11 17:16:44 --> Session: Class initialized using 'CodeIgniter\Session\Handlers\FileHandler' driver.
INFO - 2024-01-11 17:16:53 --> Session: Class initialized using 'CodeIgniter\Session\Handlers\FileHandler' driver.
INFO - 2024-01-11 17:17:12 --> Session: Class initialized using 'CodeIgniter\Session\Handlers\FileHandler' driver.
INFO - 2024-01-11 17:17:23 --> Session: Class initialized using 'CodeIgniter\Session\Handlers\FileHandler' driver.
INFO - 2024-01-11 17:17:40 --> Session: Class initialized using 'CodeIgniter\Session\Handlers\FileHandler' driver.
INFO - 2024-01-11 17:17:52 --> Session: Class initialized using 'CodeIgniter\Session\Handlers\FileHandler' driver.
INFO - 2024-01-11 17:19:09 --> Session: Class initialized using 'CodeIgniter\Session\Handlers\FileHandler' driver.
INFO - 2024-01-11 17:19:18 --> Session: Class initialized using 'CodeIgniter\Session\Handlers\FileHandler' driver.
INFO - 2024-01-11 17:20:04 --> Session: Class initialized using 'CodeIgniter\Session\Handlers\FileHandler' driver.
INFO - 2024-01-11 17:20:22 --> Session: Class initialized using 'CodeIgniter\Session\Handlers\FileHandler' driver.
INFO - 2024-01-11 17:20:30 --> Session: Class initialized using 'CodeIgniter\Session\Handlers\FileHandler' driver.
INFO - 2024-01-11 17:20:41 --> Session: Class initialized using 'CodeIgniter\Session\Handlers\FileHandler' driver.
INFO - 2024-01-11 17:20:52 --> Session: Class initialized using 'CodeIgniter\Session\Handlers\FileHandler' driver.
INFO - 2024-01-11 17:23:02 --> Session: Class initialized using 'CodeIgniter\Session\Handlers\FileHandler' driver.
INFO - 2024-01-11 17:23:17 --> Session: Class initialized using 'CodeIgniter\Session\Handlers\FileHandler' driver.
INFO - 2024-01-11 17:24:08 --> Session: Class initialized using 'CodeIgniter\Session\Handlers\FileHandler' driver.
INFO - 2024-01-11 17:24:18 --> Session: Class initialized using 'CodeIgniter\Session\Handlers\FileHandler' driver.
INFO - 2024-01-11 17:24:25 --> Session: Class initialized using 'CodeIgniter\Session\Handlers\FileHandler' driver.
INFO - 2024-01-11 17:24:53 --> Session: Class initialized using 'CodeIgniter\Session\Handlers\FileHandler' driver.
INFO - 2024-01-11 17:25:02 --> Session: Class initialized using 'CodeIgniter\Session\Handlers\FileHandler' driver.
INFO - 2024-01-11 17:25:30 --> Session: Class initialized using 'CodeIgniter\Session\Handlers\FileHandler' driver.
INFO - 2024-01-11 17:25:31 --> Session: Class initialized using 'CodeIgniter\Session\Handlers\FileHandler' driver.
INFO - 2024-01-11 17:25:33 --> Session: Class initialized using 'CodeIgniter\Session\Handlers\FileHandler' driver.
INFO - 2024-01-11 17:25:48 --> Session: Class initialized using 'CodeIgniter\Session\Handlers\FileHandler' driver.
INFO - 2024-01-11 17:25:56 --> Session: Class initialized using 'CodeIgniter\Session\Handlers\FileHandler' driver.
INFO - 2024-01-11 17:26:11 --> Session: Class initialized using 'CodeIgniter\Session\Handlers\FileHandler' driver.
INFO - 2024-01-11 17:27:05 --> Session: Class initialized using 'CodeIgniter\Session\Handlers\FileHandler' driver.
INFO - 2024-01-11 17:27:18 --> Session: Class initialized using 'CodeIgniter\Session\Handlers\FileHandler' driver.
INFO - 2024-01-11 17:27:21 --> Session: Class initialized using 'CodeIgniter\Session\Handlers\FileHandler' driver.
INFO - 2024-01-11 17:27:23 --> Session: Class initialized using 'CodeIgniter\Session\Handlers\FileHandler' driver.
INFO - 2024-01-11 17:27:27 --> Session: Class initialized using 'CodeIgniter\Session\Handlers\FileHandler' driver.
INFO - 2024-01-11 17:27:29 --> Session: Class initialized using 'CodeIgniter\Session\Handlers\FileHandler' driver.
INFO - 2024-01-11 17:27:29 --> Session: Class initialized using 'CodeIgniter\Session\Handlers\FileHandler' driver.
INFO - 2024-01-11 17:27:36 --> CSRF token verified.
INFO - 2024-01-11 17:27:36 --> Session: Class initialized using 'CodeIgniter\Session\Handlers\FileHandler' driver.
INFO - 2024-01-11 17:27:36 --> Session: Class initialized using 'CodeIgniter\Session\Handlers\FileHandler' driver.
INFO - 2024-01-11 17:27:42 --> Session: Class initialized using 'CodeIgniter\Session\Handlers\FileHandler' driver.
INFO - 2024-01-11 17:28:29 --> Session: Class initialized using 'CodeIgniter\Session\Handlers\FileHandler' driver.
CRITICAL - 2024-01-11 17:28:29 --> Undefined array key 0
in APPPATH\Controllers\Anasayfa.php on line 107.
 1 APPPATH\Controllers\Anasayfa.php(107): CodeIgniter\Debug\Exceptions->errorHandler(2, 'Undefined array key 0', 'D:\\wamp64\\www\\iskandinav_mitolojisi\\app\\Controllers\\Anasayfa.php', 107)
 2 SYSTEMPATH\CodeIgniter.php(942): App\Controllers\Anasayfa->incele('<')
 3 SYSTEMPATH\CodeIgniter.php(502): CodeIgniter\CodeIgniter->runController(Object(App\Controllers\Anasayfa))
 4 SYSTEMPATH\CodeIgniter.php(361): CodeIgniter\CodeIgniter->handleRequest(null, Object(Config\Cache), false)
 5 FCPATH\index.php(79): CodeIgniter\CodeIgniter->run()
INFO - 2024-01-11 17:29:51 --> Session: Class initialized using 'CodeIgniter\Session\Handlers\FileHandler' driver.
CRITICAL - 2024-01-11 17:29:51 --> Undefined array key 0
in APPPATH\Controllers\Anasayfa.php on line 107.
 1 APPPATH\Controllers\Anasayfa.php(107): CodeIgniter\Debug\Exceptions->errorHandler(2, 'Undefined array key 0', 'D:\\wamp64\\www\\iskandinav_mitolojisi\\app\\Controllers\\Anasayfa.php', 107)
 2 SYSTEMPATH\CodeIgniter.php(942): App\Controllers\Anasayfa->incele('<')
 3 SYSTEMPATH\CodeIgniter.php(502): CodeIgniter\CodeIgniter->runController(Object(App\Controllers\Anasayfa))
 4 SYSTEMPATH\CodeIgniter.php(361): CodeIgniter\CodeIgniter->handleRequest(null, Object(Config\Cache), false)
 5 FCPATH\index.php(79): CodeIgniter\CodeIgniter->run()
INFO - 2024-01-11 17:30:14 --> Session: Class initialized using 'CodeIgniter\Session\Handlers\FileHandler' driver.
CRITICAL - 2024-01-11 17:30:14 --> Undefined array key 0
in APPPATH\Controllers\Anasayfa.php on line 107.
 1 APPPATH\Controllers\Anasayfa.php(107): CodeIgniter\Debug\Exceptions->errorHandler(2, 'Undefined array key 0', 'D:\\wamp64\\www\\iskandinav_mitolojisi\\app\\Controllers\\Anasayfa.php', 107)
 2 SYSTEMPATH\CodeIgniter.php(942): App\Controllers\Anasayfa->incele('<')
 3 SYSTEMPATH\CodeIgniter.php(502): CodeIgniter\CodeIgniter->runController(Object(App\Controllers\Anasayfa))
 4 SYSTEMPATH\CodeIgniter.php(361): CodeIgniter\CodeIgniter->handleRequest(null, Object(Config\Cache), false)
 5 FCPATH\index.php(79): CodeIgniter\CodeIgniter->run()
INFO - 2024-01-11 17:30:16 --> Session: Class initialized using 'CodeIgniter\Session\Handlers\FileHandler' driver.
CRITICAL - 2024-01-11 17:30:16 --> Undefined array key 0
in APPPATH\Controllers\Anasayfa.php on line 107.
 1 APPPATH\Controllers\Anasayfa.php(107): CodeIgniter\Debug\Exceptions->errorHandler(2, 'Undefined array key 0', 'D:\\wamp64\\www\\iskandinav_mitolojisi\\app\\Controllers\\Anasayfa.php', 107)
 2 SYSTEMPATH\CodeIgniter.php(942): App\Controllers\Anasayfa->incele('<')
 3 SYSTEMPATH\CodeIgniter.php(502): CodeIgniter\CodeIgniter->runController(Object(App\Controllers\Anasayfa))
 4 SYSTEMPATH\CodeIgniter.php(361): CodeIgniter\CodeIgniter->handleRequest(null, Object(Config\Cache), false)
 5 FCPATH\index.php(79): CodeIgniter\CodeIgniter->run()
INFO - 2024-01-11 17:31:28 --> Session: Class initialized using 'CodeIgniter\Session\Handlers\FileHandler' driver.
CRITICAL - 2024-01-11 17:31:29 --> Undefined array key 0
in APPPATH\Controllers\Anasayfa.php on line 107.
 1 APPPATH\Controllers\Anasayfa.php(107): CodeIgniter\Debug\Exceptions->errorHandler(2, 'Undefined array key 0', 'D:\\wamp64\\www\\iskandinav_mitolojisi\\app\\Controllers\\Anasayfa.php', 107)
 2 SYSTEMPATH\CodeIgniter.php(942): App\Controllers\Anasayfa->incele('<')
 3 SYSTEMPATH\CodeIgniter.php(502): CodeIgniter\CodeIgniter->runController(Object(App\Controllers\Anasayfa))
 4 SYSTEMPATH\CodeIgniter.php(361): CodeIgniter\CodeIgniter->handleRequest(null, Object(Config\Cache), false)
 5 FCPATH\index.php(79): CodeIgniter\CodeIgniter->run()
INFO - 2024-01-11 17:31:30 --> Session: Class initialized using 'CodeIgniter\Session\Handlers\FileHandler' driver.
CRITICAL - 2024-01-11 17:31:30 --> Undefined array key 0
in APPPATH\Controllers\Anasayfa.php on line 107.
 1 APPPATH\Controllers\Anasayfa.php(107): CodeIgniter\Debug\Exceptions->errorHandler(2, 'Undefined array key 0', 'D:\\wamp64\\www\\iskandinav_mitolojisi\\app\\Controllers\\Anasayfa.php', 107)
 2 SYSTEMPATH\CodeIgniter.php(942): App\Controllers\Anasayfa->incele('<')
 3 SYSTEMPATH\CodeIgniter.php(502): CodeIgniter\CodeIgniter->runController(Object(App\Controllers\Anasayfa))
 4 SYSTEMPATH\CodeIgniter.php(361): CodeIgniter\CodeIgniter->handleRequest(null, Object(Config\Cache), false)
 5 FCPATH\index.php(79): CodeIgniter\CodeIgniter->run()
INFO - 2024-01-11 17:31:55 --> Session: Class initialized using 'CodeIgniter\Session\Handlers\FileHandler' driver.
CRITICAL - 2024-01-11 17:31:55 --> Undefined array key 0
in APPPATH\Controllers\Anasayfa.php on line 107.
 1 APPPATH\Controllers\Anasayfa.php(107): CodeIgniter\Debug\Exceptions->errorHandler(2, 'Undefined array key 0', 'D:\\wamp64\\www\\iskandinav_mitolojisi\\app\\Controllers\\Anasayfa.php', 107)
 2 SYSTEMPATH\CodeIgniter.php(942): App\Controllers\Anasayfa->incele('<')
 3 SYSTEMPATH\CodeIgniter.php(502): CodeIgniter\CodeIgniter->runController(Object(App\Controllers\Anasayfa))
 4 SYSTEMPATH\CodeIgniter.php(361): CodeIgniter\CodeIgniter->handleRequest(null, Object(Config\Cache), false)
 5 FCPATH\index.php(79): CodeIgniter\CodeIgniter->run()
INFO - 2024-01-11 17:32:18 --> Session: Class initialized using 'CodeIgniter\Session\Handlers\FileHandler' driver.
CRITICAL - 2024-01-11 17:32:18 --> Undefined array key 0
in APPPATH\Controllers\Anasayfa.php on line 107.
 1 APPPATH\Controllers\Anasayfa.php(107): CodeIgniter\Debug\Exceptions->errorHandler(2, 'Undefined array key 0', 'D:\\wamp64\\www\\iskandinav_mitolojisi\\app\\Controllers\\Anasayfa.php', 107)
 2 SYSTEMPATH\CodeIgniter.php(942): App\Controllers\Anasayfa->incele('<')
 3 SYSTEMPATH\CodeIgniter.php(502): CodeIgniter\CodeIgniter->runController(Object(App\Controllers\Anasayfa))
 4 SYSTEMPATH\CodeIgniter.php(361): CodeIgniter\CodeIgniter->handleRequest(null, Object(Config\Cache), false)
 5 FCPATH\index.php(79): CodeIgniter\CodeIgniter->run()
INFO - 2024-01-11 17:32:32 --> Session: Class initialized using 'CodeIgniter\Session\Handlers\FileHandler' driver.
CRITICAL - 2024-01-11 17:32:33 --> Undefined array key 0
in APPPATH\Controllers\Anasayfa.php on line 107.
 1 APPPATH\Controllers\Anasayfa.php(107): CodeIgniter\Debug\Exceptions->errorHandler(2, 'Undefined array key 0', 'D:\\wamp64\\www\\iskandinav_mitolojisi\\app\\Controllers\\Anasayfa.php', 107)
 2 SYSTEMPATH\CodeIgniter.php(942): App\Controllers\Anasayfa->incele('<')
 3 SYSTEMPATH\CodeIgniter.php(502): CodeIgniter\CodeIgniter->runController(Object(App\Controllers\Anasayfa))
 4 SYSTEMPATH\CodeIgniter.php(361): CodeIgniter\CodeIgniter->handleRequest(null, Object(Config\Cache), false)
 5 FCPATH\index.php(79): CodeIgniter\CodeIgniter->run()
INFO - 2024-01-11 17:32:34 --> Session: Class initialized using 'CodeIgniter\Session\Handlers\FileHandler' driver.
INFO - 2024-01-11 17:32:37 --> Session: Class initialized using 'CodeIgniter\Session\Handlers\FileHandler' driver.
CRITICAL - 2024-01-11 17:32:37 --> Undefined array key 0
in APPPATH\Controllers\Anasayfa.php on line 107.
 1 APPPATH\Controllers\Anasayfa.php(107): CodeIgniter\Debug\Exceptions->errorHandler(2, 'Undefined array key 0', 'D:\\wamp64\\www\\iskandinav_mitolojisi\\app\\Controllers\\Anasayfa.php', 107)
 2 SYSTEMPATH\CodeIgniter.php(942): App\Controllers\Anasayfa->incele('<')
 3 SYSTEMPATH\CodeIgniter.php(502): CodeIgniter\CodeIgniter->runController(Object(App\Controllers\Anasayfa))
 4 SYSTEMPATH\CodeIgniter.php(361): CodeIgniter\CodeIgniter->handleRequest(null, Object(Config\Cache), false)
 5 FCPATH\index.php(79): CodeIgniter\CodeIgniter->run()
INFO - 2024-01-11 17:32:40 --> Session: Class initialized using 'CodeIgniter\Session\Handlers\FileHandler' driver.
INFO - 2024-01-11 17:32:53 --> Session: Class initialized using 'CodeIgniter\Session\Handlers\FileHandler' driver.
INFO - 2024-01-11 17:32:55 --> Session: Class initialized using 'CodeIgniter\Session\Handlers\FileHandler' driver.
CRITICAL - 2024-01-11 17:32:55 --> Undefined array key 0
in APPPATH\Controllers\Anasayfa.php on line 107.
 1 APPPATH\Controllers\Anasayfa.php(107): CodeIgniter\Debug\Exceptions->errorHandler(2, 'Undefined array key 0', 'D:\\wamp64\\www\\iskandinav_mitolojisi\\app\\Controllers\\Anasayfa.php', 107)
 2 SYSTEMPATH\CodeIgniter.php(942): App\Controllers\Anasayfa->incele('<')
 3 SYSTEMPATH\CodeIgniter.php(502): CodeIgniter\CodeIgniter->runController(Object(App\Controllers\Anasayfa))
 4 SYSTEMPATH\CodeIgniter.php(361): CodeIgniter\CodeIgniter->handleRequest(null, Object(Config\Cache), false)
 5 FCPATH\index.php(79): CodeIgniter\CodeIgniter->run()
INFO - 2024-01-11 17:33:08 --> Session: Class initialized using 'CodeIgniter\Session\Handlers\FileHandler' driver.
CRITICAL - 2024-01-11 17:33:08 --> Undefined array key 0
in APPPATH\Controllers\Anasayfa.php on line 107.
 1 APPPATH\Controllers\Anasayfa.php(107): CodeIgniter\Debug\Exceptions->errorHandler(2, 'Undefined array key 0', 'D:\\wamp64\\www\\iskandinav_mitolojisi\\app\\Controllers\\Anasayfa.php', 107)
 2 SYSTEMPATH\CodeIgniter.php(942): App\Controllers\Anasayfa->incele('<')
 3 SYSTEMPATH\CodeIgniter.php(502): CodeIgniter\CodeIgniter->runController(Object(App\Controllers\Anasayfa))
 4 SYSTEMPATH\CodeIgniter.php(361): CodeIgniter\CodeIgniter->handleRequest(null, Object(Config\Cache), false)
 5 FCPATH\index.php(79): CodeIgniter\CodeIgniter->run()
INFO - 2024-01-11 17:33:13 --> Session: Class initialized using 'CodeIgniter\Session\Handlers\FileHandler' driver.
INFO - 2024-01-11 17:33:16 --> Session: Class initialized using 'CodeIgniter\Session\Handlers\FileHandler' driver.
CRITICAL - 2024-01-11 17:33:16 --> Undefined array key 0
in APPPATH\Controllers\Anasayfa.php on line 107.
 1 APPPATH\Controllers\Anasayfa.php(107): CodeIgniter\Debug\Exceptions->errorHandler(2, 'Undefined array key 0', 'D:\\wamp64\\www\\iskandinav_mitolojisi\\app\\Controllers\\Anasayfa.php', 107)
 2 SYSTEMPATH\CodeIgniter.php(942): App\Controllers\Anasayfa->incele('<')
 3 SYSTEMPATH\CodeIgniter.php(502): CodeIgniter\CodeIgniter->runController(Object(App\Controllers\Anasayfa))
 4 SYSTEMPATH\CodeIgniter.php(361): CodeIgniter\CodeIgniter->handleRequest(null, Object(Config\Cache), false)
 5 FCPATH\index.php(79): CodeIgniter\CodeIgniter->run()
INFO - 2024-01-11 17:33:56 --> Session: Class initialized using 'CodeIgniter\Session\Handlers\FileHandler' driver.
INFO - 2024-01-11 17:34:43 --> Session: Class initialized using 'CodeIgniter\Session\Handlers\FileHandler' driver.
INFO - 2024-01-11 17:34:51 --> Session: Class initialized using 'CodeIgniter\Session\Handlers\FileHandler' driver.
INFO - 2024-01-11 17:35:03 --> Session: Class initialized using 'CodeIgniter\Session\Handlers\FileHandler' driver.
INFO - 2024-01-11 17:35:08 --> Session: Class initialized using 'CodeIgniter\Session\Handlers\FileHandler' driver.
INFO - 2024-01-11 17:35:20 --> Session: Class initialized using 'CodeIgniter\Session\Handlers\FileHandler' driver.
